  Client.cpp
C:\Users\gil52\OneDrive\문서\GitHub\DirectX11Engine\External\Include\Engine\CAssetManager.h(65,5): warning C4984: 'if constexpr'은 C++17 언어 확장입니다.
  (소스 파일 'Client.cpp'을(를) 컴파일하는 중)
  
C:\Users\gil52\OneDrive\문서\GitHub\DirectX11Engine\External\Include\Engine\CAssetManager.h(69,5): warning C4984: 'if constexpr'은 C++17 언어 확장입니다.
  (소스 파일 'Client.cpp'을(를) 컴파일하는 중)
  
C:\Users\gil52\OneDrive\문서\GitHub\DirectX11Engine\External\Include\Engine\CAssetManager.h(73,5): warning C4984: 'if constexpr'은 C++17 언어 확장입니다.
  (소스 파일 'Client.cpp'을(를) 컴파일하는 중)
  
C:\Users\gil52\OneDrive\문서\GitHub\DirectX11Engine\External\Include\Engine\CAssetManager.h(77,5): warning C4984: 'if constexpr'은 C++17 언어 확장입니다.
  (소스 파일 'Client.cpp'을(를) 컴파일하는 중)
  
C:\Users\gil52\OneDrive\문서\GitHub\DirectX11Engine\External\Include\Engine\CAssetManager.h(81,5): warning C4984: 'if constexpr'은 C++17 언어 확장입니다.
  (소스 파일 'Client.cpp'을(를) 컴파일하는 중)
  
DirectXTex_debug.lib(DirectXTexImage.obj) : warning LNK4099: '' PDB를 'DirectXTex_debug.lib(DirectXTexImage.obj)' 또는 ''에서 찾을 수 없습니다. 디버그 정보가 없는 것처럼 개체를 링크합니다.
DirectXTex_debug.lib(DirectXTexDDS.obj) : warning LNK4099: '' PDB를 'DirectXTex_debug.lib(DirectXTexDDS.obj)' 또는 ''에서 찾을 수 없습니다. 디버그 정보가 없는 것처럼 개체를 링크합니다.
DirectXTex_debug.lib(DirectXTexTGA.obj) : warning LNK4099: '' PDB를 'DirectXTex_debug.lib(DirectXTexTGA.obj)' 또는 ''에서 찾을 수 없습니다. 디버그 정보가 없는 것처럼 개체를 링크합니다.
DirectXTex_debug.lib(DirectXTexWIC.obj) : warning LNK4099: '' PDB를 'DirectXTex_debug.lib(DirectXTexWIC.obj)' 또는 ''에서 찾을 수 없습니다. 디버그 정보가 없는 것처럼 개체를 링크합니다.
DirectXTex_debug.lib(DirectXTexD3D11.obj) : warning LNK4099: '' PDB를 'DirectXTex_debug.lib(DirectXTexD3D11.obj)' 또는 ''에서 찾을 수 없습니다. 디버그 정보가 없는 것처럼 개체를 링크합니다.
DirectXTex_debug.lib(DirectXTexUtil.obj) : warning LNK4099: '' PDB를 'DirectXTex_debug.lib(DirectXTexUtil.obj)' 또는 ''에서 찾을 수 없습니다. 디버그 정보가 없는 것처럼 개체를 링크합니다.
DirectXTex_debug.lib(DirectXTexConvert.obj) : warning LNK4099: '' PDB를 'DirectXTex_debug.lib(DirectXTexConvert.obj)' 또는 ''에서 찾을 수 없습니다. 디버그 정보가 없는 것처럼 개체를 링크합니다.
DirectXTex_debug.lib(DirectXTexCompress.obj) : warning LNK4099: '' PDB를 'DirectXTex_debug.lib(DirectXTexCompress.obj)' 또는 ''에서 찾을 수 없습니다. 디버그 정보가 없는 것처럼 개체를 링크합니다.
DirectXTex_debug.lib(DirectXTexMipMaps.obj) : warning LNK4099: '' PDB를 'DirectXTex_debug.lib(DirectXTexMipMaps.obj)' 또는 ''에서 찾을 수 없습니다. 디버그 정보가 없는 것처럼 개체를 링크합니다.
DirectXTex_debug.lib(BC.obj) : warning LNK4099: '' PDB를 'DirectXTex_debug.lib(BC.obj)' 또는 ''에서 찾을 수 없습니다. 디버그 정보가 없는 것처럼 개체를 링크합니다.
DirectXTex_debug.lib(BC4BC5.obj) : warning LNK4099: '' PDB를 'DirectXTex_debug.lib(BC4BC5.obj)' 또는 ''에서 찾을 수 없습니다. 디버그 정보가 없는 것처럼 개체를 링크합니다.
DirectXTex_debug.lib(BC6HBC7.obj) : warning LNK4099: '' PDB를 'DirectXTex_debug.lib(BC6HBC7.obj)' 또는 ''에서 찾을 수 없습니다. 디버그 정보가 없는 것처럼 개체를 링크합니다.
  Client.vcxproj -> C:\Users\gil52\OneDrive\문서\GitHub\DirectX11Engine\OutputFile\bin\Client.exe
