  .\Project\Engine\assets.h
  .\Project\Engine\CAnim2D.h
  .\Project\Engine\CAnimator2D.h
  .\Project\Engine\CAsset.h
  .\Project\Engine\CAssetManager.h
  .\Project\Engine\CBackGroundScript.h
  .\Project\Engine\CCamera.h
  .\Project\Engine\CCameraMoveScript.h
  .\Project\Engine\CCollider2D.h
  .\Project\Engine\CCollisionManager.h
  .\Project\Engine\CComponent.h
  .\Project\Engine\CComputeShader.h
  .\Project\Engine\CConstBuffer.h
  .\Project\Engine\CDbgRenderManager.h
  .\Project\Engine\CDevice.h
  .\Project\Engine\CEngine.h
  .\Project\Engine\CEntity.h
  .\Project\Engine\CGameObject.h
  .\Project\Engine\CGraphicShader.h
  .\Project\Engine\CKeyManager.h
  .\Project\Engine\CLayer.h
  .\Project\Engine\CLevel.h
  .\Project\Engine\CLevelManager.h
  .\Project\Engine\CLight2D.h
  .\Project\Engine\CMaterial.h
  .\Project\Engine\CMesh.h
  .\Project\Engine\CMeshRender.h
  .\Project\Engine\CMissileScript.h
  .\Project\Engine\components.h
  .\Project\Engine\CParticleSystem.h
  .\Project\Engine\CParticleTickCS.h
  .\Project\Engine\CPathManager.h
  .\Project\Engine\CPlayerScript.h
  .\Project\Engine\CPrefab.h
  .\Project\Engine\CRenderComponent.h
  .\Project\Engine\CRenderManager.h
  .\Project\Engine\CScript.h
  .\Project\Engine\CSetColorCS.h
  .\Project\Engine\CShader.h
  .\Project\Engine\CStructuredBuffer.h
  .\Project\Engine\CTaskManager.h
  .\Project\Engine\CTexture.h
  .\Project\Engine\CTileMap.h
  .\Project\Engine\CTimeManager.h
  .\Project\Engine\CTransform.h
  .\Project\Engine\define.h
  .\Project\Engine\enum.h
  .\Project\Engine\func.h
  .\Project\Engine\global.h
  .\Project\Engine\ptr.h
  .\Project\Engine\SimpleMath.h
  .\Project\Engine\Singletone.h
  .\Project\Engine\struct.h
  .\Project\Engine\Temp.h
  54개 파일이 복사되었습니다.
  .\Project\Engine\SimpleMath.inl
  1개 파일이 복사되었습니다.
  .\Project\Engine\compute.fx
  .\Project\Engine\debug_shape.fx
  .\Project\Engine\func.fx
  .\Project\Engine\particle.fx
  .\Project\Engine\particletick.fx
  .\Project\Engine\postprocess.fx
  .\Project\Engine\std2d.fx
  .\Project\Engine\struct.fx
  .\Project\Engine\tilemap.fx
  .\Project\Engine\value.fx
  10개 파일이 복사되었습니다.
  pch.cpp
C:\Users\gil52\OneDrive\문서\GitHub\DirectX11Engine\Project\Engine\CAssetManager.h(65,5): warning C4984: 'if constexpr'은 C++17 언어 확장입니다.
  (소스 파일 'pch.cpp'을(를) 컴파일하는 중)
  
C:\Users\gil52\OneDrive\문서\GitHub\DirectX11Engine\Project\Engine\CAssetManager.h(69,5): warning C4984: 'if constexpr'은 C++17 언어 확장입니다.
  (소스 파일 'pch.cpp'을(를) 컴파일하는 중)
  
C:\Users\gil52\OneDrive\문서\GitHub\DirectX11Engine\Project\Engine\CAssetManager.h(73,5): warning C4984: 'if constexpr'은 C++17 언어 확장입니다.
  (소스 파일 'pch.cpp'을(를) 컴파일하는 중)
  
C:\Users\gil52\OneDrive\문서\GitHub\DirectX11Engine\Project\Engine\CAssetManager.h(77,5): warning C4984: 'if constexpr'은 C++17 언어 확장입니다.
  (소스 파일 'pch.cpp'을(를) 컴파일하는 중)
  
C:\Users\gil52\OneDrive\문서\GitHub\DirectX11Engine\Project\Engine\CAssetManager.h(81,5): warning C4984: 'if constexpr'은 C++17 언어 확장입니다.
  (소스 파일 'pch.cpp'을(를) 컴파일하는 중)
  
  CAnim2D.cpp
C:\Users\gil52\OneDrive\문서\GitHub\DirectX11Engine\Project\Engine\CAnim2D.cpp(67,33): warning C4267: '=': 'size_t'에서 'int'(으)로 변환하면서 데이터가 손실될 수 있습니다.
  (소스 파일 '/CAnim2D.cpp'을(를) 컴파일하는 중)
  
  CAnimator2D.cpp
C:\Users\gil52\OneDrive\문서\GitHub\DirectX11Engine\Project\Engine\CAssetManager.h(100,18): error C2259: 'CTexture': 추상 클래스를 인스턴스화할 수 없습니다.
  (소스 파일 '/CAnim2D.cpp'을(를) 컴파일하는 중)
  C:\Users\gil52\OneDrive\문서\GitHub\DirectX11Engine\Project\Engine\CAnim2D.h(15,7):
  'CTexture' 선언을 참조하십시오.
  C:\Users\gil52\OneDrive\문서\GitHub\DirectX11Engine\Project\Engine\CAssetManager.h(100,18):
  다음 멤버가 원인입니다.
  C:\Users\gil52\OneDrive\문서\GitHub\DirectX11Engine\Project\Engine\CAssetManager.h(100,18):
  'CEntity *CEntity::Clone(void)': abstract입니다.
  C:\Users\gil52\OneDrive\문서\GitHub\DirectX11Engine\Project\Engine\CEntity.h(21,19):
  'CEntity::Clone' 선언을 참조하십시오.
  C:\Users\gil52\OneDrive\문서\GitHub\DirectX11Engine\Project\Engine\CAssetManager.h(100,18):
  the template instantiation context (the oldest one first) is
  	C:\Users\gil52\OneDrive\문서\GitHub\DirectX11Engine\Project\Engine\CAnim2D.cpp(163,2):
  	컴파일되는 함수 템플릿 인스턴스화 'void LoadAssetRef<CTexture>(Ptr<CTexture> &,FILE *)'에 대한 참조를 확인하세요.
  	C:\Users\gil52\OneDrive\문서\GitHub\DirectX11Engine\Project\Engine\func.h(49,35):
  	컴파일되는 함수 템플릿 인스턴스화 'Ptr<CTexture> CAssetManager::Load<CTexture>(const std::wstring &,const std::wstring &)'에 대한 참조를 확인하세요.
  
C:\Users\gil52\OneDrive\문서\GitHub\DirectX11Engine\Project\Engine\CAssetManager.h(100,14): error C2259: 'CTexture': 추상 클래스를 인스턴스화할 수 없습니다.
  (소스 파일 '/CAnim2D.cpp'을(를) 컴파일하는 중)
  C:\Users\gil52\OneDrive\문서\GitHub\DirectX11Engine\Project\Engine\CAnim2D.h(15,7):
  'CTexture' 선언을 참조하십시오.
  C:\Users\gil52\OneDrive\문서\GitHub\DirectX11Engine\Project\Engine\CAssetManager.h(100,14):
  다음 멤버가 원인입니다.
  C:\Users\gil52\OneDrive\문서\GitHub\DirectX11Engine\Project\Engine\CAssetManager.h(100,14):
  'CEntity *CEntity::Clone(void)': abstract입니다.
  C:\Users\gil52\OneDrive\문서\GitHub\DirectX11Engine\Project\Engine\CEntity.h(21,19):
  'CEntity::Clone' 선언을 참조하십시오.
  
C:\Users\gil52\OneDrive\문서\GitHub\DirectX11Engine\Project\Engine\CAnimator2D.cpp(44,23): error C2259: 'CAnim2D': 추상 클래스를 인스턴스화할 수 없습니다.
  (소스 파일 '/CAnimator2D.cpp'을(를) 컴파일하는 중)
  C:\Users\gil52\OneDrive\문서\GitHub\DirectX11Engine\Project\Engine\CAnim2D.h(18,7):
  'CAnim2D' 선언을 참조하십시오.
  C:\Users\gil52\OneDrive\문서\GitHub\DirectX11Engine\Project\Engine\CAnimator2D.cpp(44,23):
  다음 멤버가 원인입니다.
  C:\Users\gil52\OneDrive\문서\GitHub\DirectX11Engine\Project\Engine\CAnimator2D.cpp(44,23):
  'CEntity *CEntity::Clone(void)': abstract입니다.
  C:\Users\gil52\OneDrive\문서\GitHub\DirectX11Engine\Project\Engine\CEntity.h(21,19):
  'CEntity::Clone' 선언을 참조하십시오.
  
C:\Users\gil52\OneDrive\문서\GitHub\DirectX11Engine\Project\Engine\CAnimator2D.cpp(44,19): error C2259: 'CAnim2D': 추상 클래스를 인스턴스화할 수 없습니다.
  (소스 파일 '/CAnimator2D.cpp'을(를) 컴파일하는 중)
  C:\Users\gil52\OneDrive\문서\GitHub\DirectX11Engine\Project\Engine\CAnim2D.h(18,7):
  'CAnim2D' 선언을 참조하십시오.
  C:\Users\gil52\OneDrive\문서\GitHub\DirectX11Engine\Project\Engine\CAnimator2D.cpp(44,19):
  다음 멤버가 원인입니다.
  C:\Users\gil52\OneDrive\문서\GitHub\DirectX11Engine\Project\Engine\CAnimator2D.cpp(44,19):
  'CEntity *CEntity::Clone(void)': abstract입니다.
  C:\Users\gil52\OneDrive\문서\GitHub\DirectX11Engine\Project\Engine\CEntity.h(21,19):
  'CEntity::Clone' 선언을 참조하십시오.
  
C:\Users\gil52\OneDrive\문서\GitHub\DirectX11Engine\Project\Engine\CAnimator2D.cpp(65,23): error C2259: 'CAnim2D': 추상 클래스를 인스턴스화할 수 없습니다.
  (소스 파일 '/CAnimator2D.cpp'을(를) 컴파일하는 중)
  C:\Users\gil52\OneDrive\문서\GitHub\DirectX11Engine\Project\Engine\CAnim2D.h(18,7):
  'CAnim2D' 선언을 참조하십시오.
  C:\Users\gil52\OneDrive\문서\GitHub\DirectX11Engine\Project\Engine\CAnimator2D.cpp(65,23):
  다음 멤버가 원인입니다.
  C:\Users\gil52\OneDrive\문서\GitHub\DirectX11Engine\Project\Engine\CAnimator2D.cpp(65,23):
  'CEntity *CEntity::Clone(void)': abstract입니다.
  C:\Users\gil52\OneDrive\문서\GitHub\DirectX11Engine\Project\Engine\CEntity.h(21,19):
  'CEntity::Clone' 선언을 참조하십시오.
  
  CAsset.cpp
  CAssetManager.cpp
C:\Users\gil52\OneDrive\문서\GitHub\DirectX11Engine\Project\Engine\CAssetManager.cpp(24,13): error C2259: 'CTexture': 추상 클래스를 인스턴스화할 수 없습니다.
  (소스 파일 '/CAssetManager.cpp'을(를) 컴파일하는 중)
  C:\Users\gil52\OneDrive\문서\GitHub\DirectX11Engine\Project\Engine\CTexture.h(4,7):
  'CTexture' 선언을 참조하십시오.
  C:\Users\gil52\OneDrive\문서\GitHub\DirectX11Engine\Project\Engine\CAssetManager.cpp(24,13):
  다음 멤버가 원인입니다.
  C:\Users\gil52\OneDrive\문서\GitHub\DirectX11Engine\Project\Engine\CAssetManager.cpp(24,13):
  'CEntity *CEntity::Clone(void)': abstract입니다.
  C:\Users\gil52\OneDrive\문서\GitHub\DirectX11Engine\Project\Engine\CEntity.h(21,19):
  'CEntity::Clone' 선언을 참조하십시오.
  
C:\Users\gil52\OneDrive\문서\GitHub\DirectX11Engine\Project\Engine\CAssetManager.cpp(24,9): error C2259: 'CTexture': 추상 클래스를 인스턴스화할 수 없습니다.
  (소스 파일 '/CAssetManager.cpp'을(를) 컴파일하는 중)
  C:\Users\gil52\OneDrive\문서\GitHub\DirectX11Engine\Project\Engine\CTexture.h(4,7):
  'CTexture' 선언을 참조하십시오.
  C:\Users\gil52\OneDrive\문서\GitHub\DirectX11Engine\Project\Engine\CAssetManager.cpp(24,9):
  다음 멤버가 원인입니다.
  C:\Users\gil52\OneDrive\문서\GitHub\DirectX11Engine\Project\Engine\CAssetManager.cpp(24,9):
  'CEntity *CEntity::Clone(void)': abstract입니다.
  C:\Users\gil52\OneDrive\문서\GitHub\DirectX11Engine\Project\Engine\CEntity.h(21,19):
  'CEntity::Clone' 선언을 참조하십시오.
  
C:\Users\gil52\OneDrive\문서\GitHub\DirectX11Engine\Project\Engine\CAssetManager.cpp(42,13): error C2259: 'CTexture': 추상 클래스를 인스턴스화할 수 없습니다.
  (소스 파일 '/CAssetManager.cpp'을(를) 컴파일하는 중)
  C:\Users\gil52\OneDrive\문서\GitHub\DirectX11Engine\Project\Engine\CTexture.h(4,7):
  'CTexture' 선언을 참조하십시오.
  C:\Users\gil52\OneDrive\문서\GitHub\DirectX11Engine\Project\Engine\CAssetManager.cpp(42,13):
  다음 멤버가 원인입니다.
  C:\Users\gil52\OneDrive\문서\GitHub\DirectX11Engine\Project\Engine\CAssetManager.cpp(42,13):
  'CEntity *CEntity::Clone(void)': abstract입니다.
  C:\Users\gil52\OneDrive\문서\GitHub\DirectX11Engine\Project\Engine\CEntity.h(21,19):
  'CEntity::Clone' 선언을 참조하십시오.
  
  CAssetMgr_Init.cpp
C:\Users\gil52\OneDrive\문서\GitHub\DirectX11Engine\Project\Engine\CAssetMgr_Init.cpp(36,14): error C2259: 'CMesh': 추상 클래스를 인스턴스화할 수 없습니다.
  (소스 파일 '/CAssetMgr_Init.cpp'을(를) 컴파일하는 중)
  C:\Users\gil52\OneDrive\문서\GitHub\DirectX11Engine\Project\Engine\CMesh.h(4,7):
  'CMesh' 선언을 참조하십시오.
  C:\Users\gil52\OneDrive\문서\GitHub\DirectX11Engine\Project\Engine\CAssetMgr_Init.cpp(36,14):
  다음 멤버가 원인입니다.
  C:\Users\gil52\OneDrive\문서\GitHub\DirectX11Engine\Project\Engine\CAssetMgr_Init.cpp(36,14):
  'CEntity *CEntity::Clone(void)': abstract입니다.
  C:\Users\gil52\OneDrive\문서\GitHub\DirectX11Engine\Project\Engine\CEntity.h(21,19):
  'CEntity::Clone' 선언을 참조하십시오.
  
C:\Users\gil52\OneDrive\문서\GitHub\DirectX11Engine\Project\Engine\CAssetMgr_Init.cpp(36,10): error C2259: 'CMesh': 추상 클래스를 인스턴스화할 수 없습니다.
  (소스 파일 '/CAssetMgr_Init.cpp'을(를) 컴파일하는 중)
  C:\Users\gil52\OneDrive\문서\GitHub\DirectX11Engine\Project\Engine\CMesh.h(4,7):
  'CMesh' 선언을 참조하십시오.
  C:\Users\gil52\OneDrive\문서\GitHub\DirectX11Engine\Project\Engine\CAssetMgr_Init.cpp(36,10):
  다음 멤버가 원인입니다.
  C:\Users\gil52\OneDrive\문서\GitHub\DirectX11Engine\Project\Engine\CAssetMgr_Init.cpp(36,10):
  'CEntity *CEntity::Clone(void)': abstract입니다.
  C:\Users\gil52\OneDrive\문서\GitHub\DirectX11Engine\Project\Engine\CEntity.h(21,19):
  'CEntity::Clone' 선언을 참조하십시오.
  
C:\Users\gil52\OneDrive\문서\GitHub\DirectX11Engine\Project\Engine\CAssetMgr_Init.cpp(75,14): error C2259: 'CMesh': 추상 클래스를 인스턴스화할 수 없습니다.
  (소스 파일 '/CAssetMgr_Init.cpp'을(를) 컴파일하는 중)
  C:\Users\gil52\OneDrive\문서\GitHub\DirectX11Engine\Project\Engine\CMesh.h(4,7):
  'CMesh' 선언을 참조하십시오.
  C:\Users\gil52\OneDrive\문서\GitHub\DirectX11Engine\Project\Engine\CAssetMgr_Init.cpp(75,14):
  다음 멤버가 원인입니다.
  C:\Users\gil52\OneDrive\문서\GitHub\DirectX11Engine\Project\Engine\CAssetMgr_Init.cpp(75,14):
  'CEntity *CEntity::Clone(void)': abstract입니다.
  C:\Users\gil52\OneDrive\문서\GitHub\DirectX11Engine\Project\Engine\CEntity.h(21,19):
  'CEntity::Clone' 선언을 참조하십시오.
  
C:\Users\gil52\OneDrive\문서\GitHub\DirectX11Engine\Project\Engine\CAssetMgr_Init.cpp(87,14): error C2259: 'CMesh': 추상 클래스를 인스턴스화할 수 없습니다.
  (소스 파일 '/CAssetMgr_Init.cpp'을(를) 컴파일하는 중)
  C:\Users\gil52\OneDrive\문서\GitHub\DirectX11Engine\Project\Engine\CMesh.h(4,7):
  'CMesh' 선언을 참조하십시오.
  C:\Users\gil52\OneDrive\문서\GitHub\DirectX11Engine\Project\Engine\CAssetMgr_Init.cpp(87,14):
  다음 멤버가 원인입니다.
  C:\Users\gil52\OneDrive\문서\GitHub\DirectX11Engine\Project\Engine\CAssetMgr_Init.cpp(87,14):
  'CEntity *CEntity::Clone(void)': abstract입니다.
  C:\Users\gil52\OneDrive\문서\GitHub\DirectX11Engine\Project\Engine\CEntity.h(21,19):
  'CEntity::Clone' 선언을 참조하십시오.
  
C:\Users\gil52\OneDrive\문서\GitHub\DirectX11Engine\Project\Engine\CAssetMgr_Init.cpp(126,14): error C2259: 'CMesh': 추상 클래스를 인스턴스화할 수 없습니다.
  (소스 파일 '/CAssetMgr_Init.cpp'을(를) 컴파일하는 중)
  C:\Users\gil52\OneDrive\문서\GitHub\DirectX11Engine\Project\Engine\CMesh.h(4,7):
  'CMesh' 선언을 참조하십시오.
  C:\Users\gil52\OneDrive\문서\GitHub\DirectX11Engine\Project\Engine\CAssetMgr_Init.cpp(126,14):
  다음 멤버가 원인입니다.
  C:\Users\gil52\OneDrive\문서\GitHub\DirectX11Engine\Project\Engine\CAssetMgr_Init.cpp(126,14):
  'CEntity *CEntity::Clone(void)': abstract입니다.
  C:\Users\gil52\OneDrive\문서\GitHub\DirectX11Engine\Project\Engine\CEntity.h(21,19):
  'CEntity::Clone' 선언을 참조하십시오.
  
C:\Users\gil52\OneDrive\문서\GitHub\DirectX11Engine\Project\Engine\CAssetMgr_Init.cpp(132,20): warning C4018: '<=': signed 또는 unsigned가 일치하지 않습니다.
  (소스 파일 '/CAssetMgr_Init.cpp'을(를) 컴파일하는 중)
  
C:\Users\gil52\OneDrive\문서\GitHub\DirectX11Engine\Project\Engine\CAssetMgr_Init.cpp(137,14): error C2259: 'CMesh': 추상 클래스를 인스턴스화할 수 없습니다.
  (소스 파일 '/CAssetMgr_Init.cpp'을(를) 컴파일하는 중)
  C:\Users\gil52\OneDrive\문서\GitHub\DirectX11Engine\Project\Engine\CMesh.h(4,7):
  'CMesh' 선언을 참조하십시오.
  C:\Users\gil52\OneDrive\문서\GitHub\DirectX11Engine\Project\Engine\CAssetMgr_Init.cpp(137,14):
  다음 멤버가 원인입니다.
  C:\Users\gil52\OneDrive\문서\GitHub\DirectX11Engine\Project\Engine\CAssetMgr_Init.cpp(137,14):
  'CEntity *CEntity::Clone(void)': abstract입니다.
  C:\Users\gil52\OneDrive\문서\GitHub\DirectX11Engine\Project\Engine\CEntity.h(21,19):
  'CEntity::Clone' 선언을 참조하십시오.
  
C:\Users\gil52\OneDrive\문서\GitHub\DirectX11Engine\Project\Engine\CAssetMgr_Init.cpp(161,16): error C2259: 'CGraphicShader': 추상 클래스를 인스턴스화할 수 없습니다.
  (소스 파일 '/CAssetMgr_Init.cpp'을(를) 컴파일하는 중)
  C:\Users\gil52\OneDrive\문서\GitHub\DirectX11Engine\Project\Engine\CGraphicShader.h(4,7):
  'CGraphicShader' 선언을 참조하십시오.
  C:\Users\gil52\OneDrive\문서\GitHub\DirectX11Engine\Project\Engine\CAssetMgr_Init.cpp(161,16):
  다음 멤버가 원인입니다.
  C:\Users\gil52\OneDrive\문서\GitHub\DirectX11Engine\Project\Engine\CAssetMgr_Init.cpp(161,16):
  'CEntity *CEntity::Clone(void)': abstract입니다.
  C:\Users\gil52\OneDrive\문서\GitHub\DirectX11Engine\Project\Engine\CEntity.h(21,19):
  'CEntity::Clone' 선언을 참조하십시오.
  
C:\Users\gil52\OneDrive\문서\GitHub\DirectX11Engine\Project\Engine\CAssetMgr_Init.cpp(161,12): error C2259: 'CGraphicShader': 추상 클래스를 인스턴스화할 수 없습니다.
  (소스 파일 '/CAssetMgr_Init.cpp'을(를) 컴파일하는 중)
  C:\Users\gil52\OneDrive\문서\GitHub\DirectX11Engine\Project\Engine\CGraphicShader.h(4,7):
  'CGraphicShader' 선언을 참조하십시오.
  C:\Users\gil52\OneDrive\문서\GitHub\DirectX11Engine\Project\Engine\CAssetMgr_Init.cpp(161,12):
  다음 멤버가 원인입니다.
  C:\Users\gil52\OneDrive\문서\GitHub\DirectX11Engine\Project\Engine\CAssetMgr_Init.cpp(161,12):
  'CEntity *CEntity::Clone(void)': abstract입니다.
  C:\Users\gil52\OneDrive\문서\GitHub\DirectX11Engine\Project\Engine\CEntity.h(21,19):
  'CEntity::Clone' 선언을 참조하십시오.
  
C:\Users\gil52\OneDrive\문서\GitHub\DirectX11Engine\Project\Engine\CAssetMgr_Init.cpp(176,16): error C2259: 'CGraphicShader': 추상 클래스를 인스턴스화할 수 없습니다.
  (소스 파일 '/CAssetMgr_Init.cpp'을(를) 컴파일하는 중)
  C:\Users\gil52\OneDrive\문서\GitHub\DirectX11Engine\Project\Engine\CGraphicShader.h(4,7):
  'CGraphicShader' 선언을 참조하십시오.
  C:\Users\gil52\OneDrive\문서\GitHub\DirectX11Engine\Project\Engine\CAssetMgr_Init.cpp(176,16):
  다음 멤버가 원인입니다.
  C:\Users\gil52\OneDrive\문서\GitHub\DirectX11Engine\Project\Engine\CAssetMgr_Init.cpp(176,16):
  'CEntity *CEntity::Clone(void)': abstract입니다.
  C:\Users\gil52\OneDrive\문서\GitHub\DirectX11Engine\Project\Engine\CEntity.h(21,19):
  'CEntity::Clone' 선언을 참조하십시오.
  
C:\Users\gil52\OneDrive\문서\GitHub\DirectX11Engine\Project\Engine\CAssetMgr_Init.cpp(191,16): error C2259: 'CGraphicShader': 추상 클래스를 인스턴스화할 수 없습니다.
  (소스 파일 '/CAssetMgr_Init.cpp'을(를) 컴파일하는 중)
  C:\Users\gil52\OneDrive\문서\GitHub\DirectX11Engine\Project\Engine\CGraphicShader.h(4,7):
  'CGraphicShader' 선언을 참조하십시오.
  C:\Users\gil52\OneDrive\문서\GitHub\DirectX11Engine\Project\Engine\CAssetMgr_Init.cpp(191,16):
  다음 멤버가 원인입니다.
  C:\Users\gil52\OneDrive\문서\GitHub\DirectX11Engine\Project\Engine\CAssetMgr_Init.cpp(191,16):
  'CEntity *CEntity::Clone(void)': abstract입니다.
  C:\Users\gil52\OneDrive\문서\GitHub\DirectX11Engine\Project\Engine\CEntity.h(21,19):
  'CEntity::Clone' 선언을 참조하십시오.
  
C:\Users\gil52\OneDrive\문서\GitHub\DirectX11Engine\Project\Engine\CAssetMgr_Init.cpp(204,16): error C2259: 'CGraphicShader': 추상 클래스를 인스턴스화할 수 없습니다.
  (소스 파일 '/CAssetMgr_Init.cpp'을(를) 컴파일하는 중)
  C:\Users\gil52\OneDrive\문서\GitHub\DirectX11Engine\Project\Engine\CGraphicShader.h(4,7):
  'CGraphicShader' 선언을 참조하십시오.
  C:\Users\gil52\OneDrive\문서\GitHub\DirectX11Engine\Project\Engine\CAssetMgr_Init.cpp(204,16):
  다음 멤버가 원인입니다.
  C:\Users\gil52\OneDrive\문서\GitHub\DirectX11Engine\Project\Engine\CAssetMgr_Init.cpp(204,16):
  'CEntity *CEntity::Clone(void)': abstract입니다.
  C:\Users\gil52\OneDrive\문서\GitHub\DirectX11Engine\Project\Engine\CEntity.h(21,19):
  'CEntity::Clone' 선언을 참조하십시오.
  
C:\Users\gil52\OneDrive\문서\GitHub\DirectX11Engine\Project\Engine\CAssetMgr_Init.cpp(223,16): error C2259: 'CGraphicShader': 추상 클래스를 인스턴스화할 수 없습니다.
  (소스 파일 '/CAssetMgr_Init.cpp'을(를) 컴파일하는 중)
  C:\Users\gil52\OneDrive\문서\GitHub\DirectX11Engine\Project\Engine\CGraphicShader.h(4,7):
  'CGraphicShader' 선언을 참조하십시오.
  C:\Users\gil52\OneDrive\문서\GitHub\DirectX11Engine\Project\Engine\CAssetMgr_Init.cpp(223,16):
  다음 멤버가 원인입니다.
  C:\Users\gil52\OneDrive\문서\GitHub\DirectX11Engine\Project\Engine\CAssetMgr_Init.cpp(223,16):
  'CEntity *CEntity::Clone(void)': abstract입니다.
  C:\Users\gil52\OneDrive\문서\GitHub\DirectX11Engine\Project\Engine\CEntity.h(21,19):
  'CEntity::Clone' 선언을 참조하십시오.
  
C:\Users\gil52\OneDrive\문서\GitHub\DirectX11Engine\Project\Engine\CAssetMgr_Init.cpp(236,16): error C2259: 'CGraphicShader': 추상 클래스를 인스턴스화할 수 없습니다.
  (소스 파일 '/CAssetMgr_Init.cpp'을(를) 컴파일하는 중)
  C:\Users\gil52\OneDrive\문서\GitHub\DirectX11Engine\Project\Engine\CGraphicShader.h(4,7):
  'CGraphicShader' 선언을 참조하십시오.
  C:\Users\gil52\OneDrive\문서\GitHub\DirectX11Engine\Project\Engine\CAssetMgr_Init.cpp(236,16):
  다음 멤버가 원인입니다.
  C:\Users\gil52\OneDrive\문서\GitHub\DirectX11Engine\Project\Engine\CAssetMgr_Init.cpp(236,16):
  'CEntity *CEntity::Clone(void)': abstract입니다.
  C:\Users\gil52\OneDrive\문서\GitHub\DirectX11Engine\Project\Engine\CEntity.h(21,19):
  'CEntity::Clone' 선언을 참조하십시오.
  
C:\Users\gil52\OneDrive\문서\GitHub\DirectX11Engine\Project\Engine\CAssetMgr_Init.cpp(249,16): error C2259: 'CGraphicShader': 추상 클래스를 인스턴스화할 수 없습니다.
  (소스 파일 '/CAssetMgr_Init.cpp'을(를) 컴파일하는 중)
  C:\Users\gil52\OneDrive\문서\GitHub\DirectX11Engine\Project\Engine\CGraphicShader.h(4,7):
  'CGraphicShader' 선언을 참조하십시오.
  C:\Users\gil52\OneDrive\문서\GitHub\DirectX11Engine\Project\Engine\CAssetMgr_Init.cpp(249,16):
  다음 멤버가 원인입니다.
  C:\Users\gil52\OneDrive\문서\GitHub\DirectX11Engine\Project\Engine\CAssetMgr_Init.cpp(249,16):
  'CEntity *CEntity::Clone(void)': abstract입니다.
  C:\Users\gil52\OneDrive\문서\GitHub\DirectX11Engine\Project\Engine\CEntity.h(21,19):
  'CEntity::Clone' 선언을 참조하십시오.
  
C:\Users\gil52\OneDrive\문서\GitHub\DirectX11Engine\Project\Engine\CAssetMgr_Init.cpp(271,23): error C2259: 'CSetColorCS': 추상 클래스를 인스턴스화할 수 없습니다.
  (소스 파일 '/CAssetMgr_Init.cpp'을(를) 컴파일하는 중)
  C:\Users\gil52\OneDrive\문서\GitHub\DirectX11Engine\Project\Engine\CSetColorCS.h(6,7):
  'CSetColorCS' 선언을 참조하십시오.
  C:\Users\gil52\OneDrive\문서\GitHub\DirectX11Engine\Project\Engine\CAssetMgr_Init.cpp(271,23):
  다음 멤버가 원인입니다.
  C:\Users\gil52\OneDrive\문서\GitHub\DirectX11Engine\Project\Engine\CAssetMgr_Init.cpp(271,23):
  'CEntity *CEntity::Clone(void)': abstract입니다.
  C:\Users\gil52\OneDrive\문서\GitHub\DirectX11Engine\Project\Engine\CEntity.h(21,19):
  'CEntity::Clone' 선언을 참조하십시오.
  
C:\Users\gil52\OneDrive\문서\GitHub\DirectX11Engine\Project\Engine\CAssetMgr_Init.cpp(271,19): error C2259: 'CSetColorCS': 추상 클래스를 인스턴스화할 수 없습니다.
  (소스 파일 '/CAssetMgr_Init.cpp'을(를) 컴파일하는 중)
  C:\Users\gil52\OneDrive\문서\GitHub\DirectX11Engine\Project\Engine\CSetColorCS.h(6,7):
  'CSetColorCS' 선언을 참조하십시오.
  C:\Users\gil52\OneDrive\문서\GitHub\DirectX11Engine\Project\Engine\CAssetMgr_Init.cpp(271,19):
  다음 멤버가 원인입니다.
  C:\Users\gil52\OneDrive\문서\GitHub\DirectX11Engine\Project\Engine\CAssetMgr_Init.cpp(271,19):
  'CEntity *CEntity::Clone(void)': abstract입니다.
  C:\Users\gil52\OneDrive\문서\GitHub\DirectX11Engine\Project\Engine\CEntity.h(21,19):
  'CEntity::Clone' 선언을 참조하십시오.
  
C:\Users\gil52\OneDrive\문서\GitHub\DirectX11Engine\Project\Engine\CAssetMgr_Init.cpp(278,23): error C2259: 'CParticleTickCS': 추상 클래스를 인스턴스화할 수 없습니다.
  (소스 파일 '/CAssetMgr_Init.cpp'을(를) 컴파일하는 중)
  C:\Users\gil52\OneDrive\문서\GitHub\DirectX11Engine\Project\Engine\CParticleTickCS.h(6,7):
  'CParticleTickCS' 선언을 참조하십시오.
  C:\Users\gil52\OneDrive\문서\GitHub\DirectX11Engine\Project\Engine\CAssetMgr_Init.cpp(278,23):
  다음 멤버가 원인입니다.
  C:\Users\gil52\OneDrive\문서\GitHub\DirectX11Engine\Project\Engine\CAssetMgr_Init.cpp(278,23):
  'CEntity *CEntity::Clone(void)': abstract입니다.
  C:\Users\gil52\OneDrive\문서\GitHub\DirectX11Engine\Project\Engine\CEntity.h(21,19):
  'CEntity::Clone' 선언을 참조하십시오.
  
C:\Users\gil52\OneDrive\문서\GitHub\DirectX11Engine\Project\Engine\CAssetMgr_Init.cpp(278,19): error C2259: 'CParticleTickCS': 추상 클래스를 인스턴스화할 수 없습니다.
  (소스 파일 '/CAssetMgr_Init.cpp'을(를) 컴파일하는 중)
  C:\Users\gil52\OneDrive\문서\GitHub\DirectX11Engine\Project\Engine\CParticleTickCS.h(6,7):
  'CParticleTickCS' 선언을 참조하십시오.
  C:\Users\gil52\OneDrive\문서\GitHub\DirectX11Engine\Project\Engine\CAssetMgr_Init.cpp(278,19):
  다음 멤버가 원인입니다.
  C:\Users\gil52\OneDrive\문서\GitHub\DirectX11Engine\Project\Engine\CAssetMgr_Init.cpp(278,19):
  'CEntity *CEntity::Clone(void)': abstract입니다.
  C:\Users\gil52\OneDrive\문서\GitHub\DirectX11Engine\Project\Engine\CEntity.h(21,19):
  'CEntity::Clone' 선언을 참조하십시오.
  
C:\Users\gil52\OneDrive\문서\GitHub\DirectX11Engine\Project\Engine\CAssetMgr_Init.cpp(288,18): error C2259: 'CMaterial': 추상 클래스를 인스턴스화할 수 없습니다.
  (소스 파일 '/CAssetMgr_Init.cpp'을(를) 컴파일하는 중)
  C:\Users\gil52\OneDrive\문서\GitHub\DirectX11Engine\Project\Engine\CMaterial.h(6,7):
  'CMaterial' 선언을 참조하십시오.
  C:\Users\gil52\OneDrive\문서\GitHub\DirectX11Engine\Project\Engine\CAssetMgr_Init.cpp(288,18):
  다음 멤버가 원인입니다.
  C:\Users\gil52\OneDrive\문서\GitHub\DirectX11Engine\Project\Engine\CAssetMgr_Init.cpp(288,18):
  'CEntity *CEntity::Clone(void)': abstract입니다.
  C:\Users\gil52\OneDrive\문서\GitHub\DirectX11Engine\Project\Engine\CEntity.h(21,19):
  'CEntity::Clone' 선언을 참조하십시오.
  
C:\Users\gil52\OneDrive\문서\GitHub\DirectX11Engine\Project\Engine\CAssetMgr_Init.cpp(288,14): error C2259: 'CMaterial': 추상 클래스를 인스턴스화할 수 없습니다.
  (소스 파일 '/CAssetMgr_Init.cpp'을(를) 컴파일하는 중)
  C:\Users\gil52\OneDrive\문서\GitHub\DirectX11Engine\Project\Engine\CMaterial.h(6,7):
  'CMaterial' 선언을 참조하십시오.
  C:\Users\gil52\OneDrive\문서\GitHub\DirectX11Engine\Project\Engine\CAssetMgr_Init.cpp(288,14):
  다음 멤버가 원인입니다.
  C:\Users\gil52\OneDrive\문서\GitHub\DirectX11Engine\Project\Engine\CAssetMgr_Init.cpp(288,14):
  'CEntity *CEntity::Clone(void)': abstract입니다.
  C:\Users\gil52\OneDrive\문서\GitHub\DirectX11Engine\Project\Engine\CEntity.h(21,19):
  'CEntity::Clone' 선언을 참조하십시오.
  
C:\Users\gil52\OneDrive\문서\GitHub\DirectX11Engine\Project\Engine\CAssetMgr_Init.cpp(294,18): error C2259: 'CMaterial': 추상 클래스를 인스턴스화할 수 없습니다.
  (소스 파일 '/CAssetMgr_Init.cpp'을(를) 컴파일하는 중)
  C:\Users\gil52\OneDrive\문서\GitHub\DirectX11Engine\Project\Engine\CMaterial.h(6,7):
  'CMaterial' 선언을 참조하십시오.
  C:\Users\gil52\OneDrive\문서\GitHub\DirectX11Engine\Project\Engine\CAssetMgr_Init.cpp(294,18):
  다음 멤버가 원인입니다.
  C:\Users\gil52\OneDrive\문서\GitHub\DirectX11Engine\Project\Engine\CAssetMgr_Init.cpp(294,18):
  'CEntity *CEntity::Clone(void)': abstract입니다.
  C:\Users\gil52\OneDrive\문서\GitHub\DirectX11Engine\Project\Engine\CEntity.h(21,19):
  'CEntity::Clone' 선언을 참조하십시오.
  
C:\Users\gil52\OneDrive\문서\GitHub\DirectX11Engine\Project\Engine\CAssetMgr_Init.cpp(300,18): error C2259: 'CMaterial': 추상 클래스를 인스턴스화할 수 없습니다.
  (소스 파일 '/CAssetMgr_Init.cpp'을(를) 컴파일하는 중)
  C:\Users\gil52\OneDrive\문서\GitHub\DirectX11Engine\Project\Engine\CMaterial.h(6,7):
  'CMaterial' 선언을 참조하십시오.
  C:\Users\gil52\OneDrive\문서\GitHub\DirectX11Engine\Project\Engine\CAssetMgr_Init.cpp(300,18):
  다음 멤버가 원인입니다.
  C:\Users\gil52\OneDrive\문서\GitHub\DirectX11Engine\Project\Engine\CAssetMgr_Init.cpp(300,18):
  'CEntity *CEntity::Clone(void)': abstract입니다.
  C:\Users\gil52\OneDrive\문서\GitHub\DirectX11Engine\Project\Engine\CEntity.h(21,19):
  'CEntity::Clone' 선언을 참조하십시오.
  
C:\Users\gil52\OneDrive\문서\GitHub\DirectX11Engine\Project\Engine\CAssetMgr_Init.cpp(306,18): error C2259: 'CMaterial': 추상 클래스를 인스턴스화할 수 없습니다.
  (소스 파일 '/CAssetMgr_Init.cpp'을(를) 컴파일하는 중)
  C:\Users\gil52\OneDrive\문서\GitHub\DirectX11Engine\Project\Engine\CMaterial.h(6,7):
  'CMaterial' 선언을 참조하십시오.
  C:\Users\gil52\OneDrive\문서\GitHub\DirectX11Engine\Project\Engine\CAssetMgr_Init.cpp(306,18):
  다음 멤버가 원인입니다.
  C:\Users\gil52\OneDrive\문서\GitHub\DirectX11Engine\Project\Engine\CAssetMgr_Init.cpp(306,18):
  'CEntity *CEntity::Clone(void)': abstract입니다.
  C:\Users\gil52\OneDrive\문서\GitHub\DirectX11Engine\Project\Engine\CEntity.h(21,19):
  'CEntity::Clone' 선언을 참조하십시오.
  
C:\Users\gil52\OneDrive\문서\GitHub\DirectX11Engine\Project\Engine\CAssetMgr_Init.cpp(312,18): error C2259: 'CMaterial': 추상 클래스를 인스턴스화할 수 없습니다.
  (소스 파일 '/CAssetMgr_Init.cpp'을(를) 컴파일하는 중)
  C:\Users\gil52\OneDrive\문서\GitHub\DirectX11Engine\Project\Engine\CMaterial.h(6,7):
  'CMaterial' 선언을 참조하십시오.
  C:\Users\gil52\OneDrive\문서\GitHub\DirectX11Engine\Project\Engine\CAssetMgr_Init.cpp(312,18):
  다음 멤버가 원인입니다.
  C:\Users\gil52\OneDrive\문서\GitHub\DirectX11Engine\Project\Engine\CAssetMgr_Init.cpp(312,18):
  'CEntity *CEntity::Clone(void)': abstract입니다.
  C:\Users\gil52\OneDrive\문서\GitHub\DirectX11Engine\Project\Engine\CEntity.h(21,19):
  'CEntity::Clone' 선언을 참조하십시오.
  
C:\Users\gil52\OneDrive\문서\GitHub\DirectX11Engine\Project\Engine\CAssetMgr_Init.cpp(318,18): error C2259: 'CMaterial': 추상 클래스를 인스턴스화할 수 없습니다.
  (소스 파일 '/CAssetMgr_Init.cpp'을(를) 컴파일하는 중)
  C:\Users\gil52\OneDrive\문서\GitHub\DirectX11Engine\Project\Engine\CMaterial.h(6,7):
  'CMaterial' 선언을 참조하십시오.
  C:\Users\gil52\OneDrive\문서\GitHub\DirectX11Engine\Project\Engine\CAssetMgr_Init.cpp(318,18):
  다음 멤버가 원인입니다.
  C:\Users\gil52\OneDrive\문서\GitHub\DirectX11Engine\Project\Engine\CAssetMgr_Init.cpp(318,18):
  'CEntity *CEntity::Clone(void)': abstract입니다.
  C:\Users\gil52\OneDrive\문서\GitHub\DirectX11Engine\Project\Engine\CEntity.h(21,19):
  'CEntity::Clone' 선언을 참조하십시오.
  
C:\Users\gil52\OneDrive\문서\GitHub\DirectX11Engine\Project\Engine\CAssetMgr_Init.cpp(324,18): error C2259: 'CMaterial': 추상 클래스를 인스턴스화할 수 없습니다.
  (소스 파일 '/CAssetMgr_Init.cpp'을(를) 컴파일하는 중)
  C:\Users\gil52\OneDrive\문서\GitHub\DirectX11Engine\Project\Engine\CMaterial.h(6,7):
  'CMaterial' 선언을 참조하십시오.
  C:\Users\gil52\OneDrive\문서\GitHub\DirectX11Engine\Project\Engine\CAssetMgr_Init.cpp(324,18):
  다음 멤버가 원인입니다.
  C:\Users\gil52\OneDrive\문서\GitHub\DirectX11Engine\Project\Engine\CAssetMgr_Init.cpp(324,18):
  'CEntity *CEntity::Clone(void)': abstract입니다.
  C:\Users\gil52\OneDrive\문서\GitHub\DirectX11Engine\Project\Engine\CEntity.h(21,19):
  'CEntity::Clone' 선언을 참조하십시오.
  
  CBackGroundScript.cpp
  CCamera.cpp
  CCameraMoveScript.cpp
  CCollider2D.cpp
  CCollisionManager.cpp
C:\Users\gil52\OneDrive\문서\GitHub\DirectX11Engine\Project\Engine\CCollisionManager.cpp(243,20): warning C4244: '+=': 'double'에서 'float'(으)로 변환하면서 데이터가 손실될 수 있습니다.
  (소스 파일 '/CCollisionManager.cpp'을(를) 컴파일하는 중)
  
C:\Users\gil52\OneDrive\문서\GitHub\DirectX11Engine\Project\Engine\CCollisionManager.cpp(251,17): warning C4244: '초기화 중': 'double'에서 'float'(으)로 변환하면서 데이터가 손실될 수 있습니다.
  (소스 파일 '/CCollisionManager.cpp'을(를) 컴파일하는 중)
  
  CComponent.cpp
  CComputeShader.cpp
  CConstBuffer.cpp
  CDbgRenderManager.cpp
C:\Users\gil52\OneDrive\문서\GitHub\DirectX11Engine\Project\Engine\CDbgRenderManager.cpp(22,37): error C2259: 'CMeshRender': 추상 클래스를 인스턴스화할 수 없습니다.
  (소스 파일 '/CDbgRenderManager.cpp'을(를) 컴파일하는 중)
  C:\Users\gil52\OneDrive\문서\GitHub\DirectX11Engine\Project\Engine\CMeshRender.h(3,7):
  'CMeshRender' 선언을 참조하십시오.
  C:\Users\gil52\OneDrive\문서\GitHub\DirectX11Engine\Project\Engine\CDbgRenderManager.cpp(22,37):
  다음 멤버가 원인입니다.
  C:\Users\gil52\OneDrive\문서\GitHub\DirectX11Engine\Project\Engine\CDbgRenderManager.cpp(22,37):
  'CComponent *CComponent::Clone(void)': abstract입니다.
  C:\Users\gil52\OneDrive\문서\GitHub\DirectX11Engine\Project\Engine\CComponent.h(38,22):
  'CComponent::Clone' 선언을 참조하십시오.
  
C:\Users\gil52\OneDrive\문서\GitHub\DirectX11Engine\Project\Engine\CDbgRenderManager.cpp(22,33): error C2259: 'CMeshRender': 추상 클래스를 인스턴스화할 수 없습니다.
  (소스 파일 '/CDbgRenderManager.cpp'을(를) 컴파일하는 중)
  C:\Users\gil52\OneDrive\문서\GitHub\DirectX11Engine\Project\Engine\CMeshRender.h(3,7):
  'CMeshRender' 선언을 참조하십시오.
  C:\Users\gil52\OneDrive\문서\GitHub\DirectX11Engine\Project\Engine\CDbgRenderManager.cpp(22,33):
  다음 멤버가 원인입니다.
  C:\Users\gil52\OneDrive\문서\GitHub\DirectX11Engine\Project\Engine\CDbgRenderManager.cpp(22,33):
  'CComponent *CComponent::Clone(void)': abstract입니다.
  C:\Users\gil52\OneDrive\문서\GitHub\DirectX11Engine\Project\Engine\CComponent.h(38,22):
  'CComponent::Clone' 선언을 참조하십시오.
  
  CDevice.cpp
C:\Users\gil52\OneDrive\문서\GitHub\DirectX11Engine\Project\Engine\CDevice.cpp(122,44): warning C4244: '=': 'float'에서 'UINT'(으)로 변환하면서 데이터가 손실될 수 있습니다.
  (소스 파일 '/CDevice.cpp'을(를) 컴파일하는 중)
  
C:\Users\gil52\OneDrive\문서\GitHub\DirectX11Engine\Project\Engine\CDevice.cpp(123,45): warning C4244: '=': 'float'에서 'UINT'(으)로 변환하면서 데이터가 손실될 수 있습니다.
  (소스 파일 '/CDevice.cpp'을(를) 컴파일하는 중)
  
C:\Users\gil52\OneDrive\문서\GitHub\DirectX11Engine\Project\Engine\CDevice.cpp(193,39): error C2259: 'CConstBuffer': 추상 클래스를 인스턴스화할 수 없습니다.
  (소스 파일 '/CDevice.cpp'을(를) 컴파일하는 중)
  C:\Users\gil52\OneDrive\문서\GitHub\DirectX11Engine\Project\Engine\CConstBuffer.h(4,7):
  'CConstBuffer' 선언을 참조하십시오.
  C:\Users\gil52\OneDrive\문서\GitHub\DirectX11Engine\Project\Engine\CDevice.cpp(193,39):
  다음 멤버가 원인입니다.
  C:\Users\gil52\OneDrive\문서\GitHub\DirectX11Engine\Project\Engine\CDevice.cpp(193,39):
  'CEntity *CEntity::Clone(void)': abstract입니다.
  C:\Users\gil52\OneDrive\문서\GitHub\DirectX11Engine\Project\Engine\CEntity.h(21,19):
  'CEntity::Clone' 선언을 참조하십시오.
  
C:\Users\gil52\OneDrive\문서\GitHub\DirectX11Engine\Project\Engine\CDevice.cpp(193,35): error C2259: 'CConstBuffer': 추상 클래스를 인스턴스화할 수 없습니다.
  (소스 파일 '/CDevice.cpp'을(를) 컴파일하는 중)
  C:\Users\gil52\OneDrive\문서\GitHub\DirectX11Engine\Project\Engine\CConstBuffer.h(4,7):
  'CConstBuffer' 선언을 참조하십시오.
  C:\Users\gil52\OneDrive\문서\GitHub\DirectX11Engine\Project\Engine\CDevice.cpp(193,35):
  다음 멤버가 원인입니다.
  C:\Users\gil52\OneDrive\문서\GitHub\DirectX11Engine\Project\Engine\CDevice.cpp(193,35):
  'CEntity *CEntity::Clone(void)': abstract입니다.
  C:\Users\gil52\OneDrive\문서\GitHub\DirectX11Engine\Project\Engine\CEntity.h(21,19):
  'CEntity::Clone' 선언을 참조하십시오.
  
C:\Users\gil52\OneDrive\문서\GitHub\DirectX11Engine\Project\Engine\CDevice.cpp(196,38): error C2259: 'CConstBuffer': 추상 클래스를 인스턴스화할 수 없습니다.
  (소스 파일 '/CDevice.cpp'을(를) 컴파일하는 중)
  C:\Users\gil52\OneDrive\문서\GitHub\DirectX11Engine\Project\Engine\CConstBuffer.h(4,7):
  'CConstBuffer' 선언을 참조하십시오.
  C:\Users\gil52\OneDrive\문서\GitHub\DirectX11Engine\Project\Engine\CDevice.cpp(196,38):
  다음 멤버가 원인입니다.
  C:\Users\gil52\OneDrive\문서\GitHub\DirectX11Engine\Project\Engine\CDevice.cpp(196,38):
  'CEntity *CEntity::Clone(void)': abstract입니다.
  C:\Users\gil52\OneDrive\문서\GitHub\DirectX11Engine\Project\Engine\CEntity.h(21,19):
  'CEntity::Clone' 선언을 참조하십시오.
  
C:\Users\gil52\OneDrive\문서\GitHub\DirectX11Engine\Project\Engine\CDevice.cpp(199,39): error C2259: 'CConstBuffer': 추상 클래스를 인스턴스화할 수 없습니다.
  (소스 파일 '/CDevice.cpp'을(를) 컴파일하는 중)
  C:\Users\gil52\OneDrive\문서\GitHub\DirectX11Engine\Project\Engine\CConstBuffer.h(4,7):
  'CConstBuffer' 선언을 참조하십시오.
  C:\Users\gil52\OneDrive\문서\GitHub\DirectX11Engine\Project\Engine\CDevice.cpp(199,39):
  다음 멤버가 원인입니다.
  C:\Users\gil52\OneDrive\문서\GitHub\DirectX11Engine\Project\Engine\CDevice.cpp(199,39):
  'CEntity *CEntity::Clone(void)': abstract입니다.
  C:\Users\gil52\OneDrive\문서\GitHub\DirectX11Engine\Project\Engine\CEntity.h(21,19):
  'CEntity::Clone' 선언을 참조하십시오.
  
C:\Users\gil52\OneDrive\문서\GitHub\DirectX11Engine\Project\Engine\CDevice.cpp(202,36): error C2259: 'CConstBuffer': 추상 클래스를 인스턴스화할 수 없습니다.
  (소스 파일 '/CDevice.cpp'을(를) 컴파일하는 중)
  C:\Users\gil52\OneDrive\문서\GitHub\DirectX11Engine\Project\Engine\CConstBuffer.h(4,7):
  'CConstBuffer' 선언을 참조하십시오.
  C:\Users\gil52\OneDrive\문서\GitHub\DirectX11Engine\Project\Engine\CDevice.cpp(202,36):
  다음 멤버가 원인입니다.
  C:\Users\gil52\OneDrive\문서\GitHub\DirectX11Engine\Project\Engine\CDevice.cpp(202,36):
  'CEntity *CEntity::Clone(void)': abstract입니다.
  C:\Users\gil52\OneDrive\문서\GitHub\DirectX11Engine\Project\Engine\CEntity.h(21,19):
  'CEntity::Clone' 선언을 참조하십시오.
  
  CEngine.cpp
C:\Users\gil52\OneDrive\문서\GitHub\DirectX11Engine\Project\Engine\CEngine.cpp(32,32): warning C4838: 'float'에서 'LONG'(으)로의 변환에는 축소 변환이 필요합니다.
  (소스 파일 '/CEngine.cpp'을(를) 컴파일하는 중)
  
C:\Users\gil52\OneDrive\문서\GitHub\DirectX11Engine\Project\Engine\CEngine.cpp(32,32): warning C4244: '초기화 중': 'float'에서 'LONG'(으)로 변환하면서 데이터가 손실될 수 있습니다.
  (소스 파일 '/CEngine.cpp'을(를) 컴파일하는 중)
  
C:\Users\gil52\OneDrive\문서\GitHub\DirectX11Engine\Project\Engine\CEngine.cpp(32,48): warning C4838: 'float'에서 'LONG'(으)로의 변환에는 축소 변환이 필요합니다.
  (소스 파일 '/CEngine.cpp'을(를) 컴파일하는 중)
  
C:\Users\gil52\OneDrive\문서\GitHub\DirectX11Engine\Project\Engine\CEngine.cpp(32,48): warning C4244: '초기화 중': 'float'에서 'LONG'(으)로 변환하면서 데이터가 손실될 수 있습니다.
  (소스 파일 '/CEngine.cpp'을(를) 컴파일하는 중)
  
  CEntity.cpp
  CGameObject.cpp
  CGraphicShader.cpp
  CKeyManager.cpp
  코드를 생성하고 있습니다...
  컴파일하고 있습니다...
  CLayer.cpp
  CLevel.cpp
  CLevelManager.cpp
C:\Users\gil52\OneDrive\문서\GitHub\DirectX11Engine\Project\Engine\CLevelManager.cpp(82,31): error C2259: 'CCamera': 추상 클래스를 인스턴스화할 수 없습니다.
  (소스 파일 '/CLevelManager.cpp'을(를) 컴파일하는 중)
  C:\Users\gil52\OneDrive\문서\GitHub\DirectX11Engine\Project\Engine\CCamera.h(4,7):
  'CCamera' 선언을 참조하십시오.
  C:\Users\gil52\OneDrive\문서\GitHub\DirectX11Engine\Project\Engine\CLevelManager.cpp(82,31):
  다음 멤버가 원인입니다.
  C:\Users\gil52\OneDrive\문서\GitHub\DirectX11Engine\Project\Engine\CLevelManager.cpp(82,31):
  'CComponent *CComponent::Clone(void)': abstract입니다.
  C:\Users\gil52\OneDrive\문서\GitHub\DirectX11Engine\Project\Engine\CComponent.h(38,22):
  'CComponent::Clone' 선언을 참조하십시오.
  
C:\Users\gil52\OneDrive\문서\GitHub\DirectX11Engine\Project\Engine\CLevelManager.cpp(82,27): error C2259: 'CCamera': 추상 클래스를 인스턴스화할 수 없습니다.
  (소스 파일 '/CLevelManager.cpp'을(를) 컴파일하는 중)
  C:\Users\gil52\OneDrive\문서\GitHub\DirectX11Engine\Project\Engine\CCamera.h(4,7):
  'CCamera' 선언을 참조하십시오.
  C:\Users\gil52\OneDrive\문서\GitHub\DirectX11Engine\Project\Engine\CLevelManager.cpp(82,27):
  다음 멤버가 원인입니다.
  C:\Users\gil52\OneDrive\문서\GitHub\DirectX11Engine\Project\Engine\CLevelManager.cpp(82,27):
  'CComponent *CComponent::Clone(void)': abstract입니다.
  C:\Users\gil52\OneDrive\문서\GitHub\DirectX11Engine\Project\Engine\CComponent.h(38,22):
  'CComponent::Clone' 선언을 참조하십시오.
  
C:\Users\gil52\OneDrive\문서\GitHub\DirectX11Engine\Project\Engine\CLevelManager.cpp(83,31): error C2259: 'CCameraMoveScript': 추상 클래스를 인스턴스화할 수 없습니다.
  (소스 파일 '/CLevelManager.cpp'을(를) 컴파일하는 중)
  C:\Users\gil52\OneDrive\문서\GitHub\DirectX11Engine\Project\Engine\CCameraMoveScript.h(4,7):
  'CCameraMoveScript' 선언을 참조하십시오.
  C:\Users\gil52\OneDrive\문서\GitHub\DirectX11Engine\Project\Engine\CLevelManager.cpp(83,31):
  다음 멤버가 원인입니다.
  C:\Users\gil52\OneDrive\문서\GitHub\DirectX11Engine\Project\Engine\CLevelManager.cpp(83,31):
  'CComponent *CComponent::Clone(void)': abstract입니다.
  C:\Users\gil52\OneDrive\문서\GitHub\DirectX11Engine\Project\Engine\CComponent.h(38,22):
  'CComponent::Clone' 선언을 참조하십시오.
  
C:\Users\gil52\OneDrive\문서\GitHub\DirectX11Engine\Project\Engine\CLevelManager.cpp(83,27): error C2259: 'CCameraMoveScript': 추상 클래스를 인스턴스화할 수 없습니다.
  (소스 파일 '/CLevelManager.cpp'을(를) 컴파일하는 중)
  C:\Users\gil52\OneDrive\문서\GitHub\DirectX11Engine\Project\Engine\CCameraMoveScript.h(4,7):
  'CCameraMoveScript' 선언을 참조하십시오.
  C:\Users\gil52\OneDrive\문서\GitHub\DirectX11Engine\Project\Engine\CLevelManager.cpp(83,27):
  다음 멤버가 원인입니다.
  C:\Users\gil52\OneDrive\문서\GitHub\DirectX11Engine\Project\Engine\CLevelManager.cpp(83,27):
  'CComponent *CComponent::Clone(void)': abstract입니다.
  C:\Users\gil52\OneDrive\문서\GitHub\DirectX11Engine\Project\Engine\CComponent.h(38,22):
  'CComponent::Clone' 선언을 참조하십시오.
  
C:\Users\gil52\OneDrive\문서\GitHub\DirectX11Engine\Project\Engine\CLevelManager.cpp(96,33): error C2259: 'CLight2D': 추상 클래스를 인스턴스화할 수 없습니다.
  (소스 파일 '/CLevelManager.cpp'을(를) 컴파일하는 중)
  C:\Users\gil52\OneDrive\문서\GitHub\DirectX11Engine\Project\Engine\CLight2D.h(4,7):
  'CLight2D' 선언을 참조하십시오.
  C:\Users\gil52\OneDrive\문서\GitHub\DirectX11Engine\Project\Engine\CLevelManager.cpp(96,33):
  다음 멤버가 원인입니다.
  C:\Users\gil52\OneDrive\문서\GitHub\DirectX11Engine\Project\Engine\CLevelManager.cpp(96,33):
  'CComponent *CComponent::Clone(void)': abstract입니다.
  C:\Users\gil52\OneDrive\문서\GitHub\DirectX11Engine\Project\Engine\CComponent.h(38,22):
  'CComponent::Clone' 선언을 참조하십시오.
  
C:\Users\gil52\OneDrive\문서\GitHub\DirectX11Engine\Project\Engine\CLevelManager.cpp(96,29): error C2259: 'CLight2D': 추상 클래스를 인스턴스화할 수 없습니다.
  (소스 파일 '/CLevelManager.cpp'을(를) 컴파일하는 중)
  C:\Users\gil52\OneDrive\문서\GitHub\DirectX11Engine\Project\Engine\CLight2D.h(4,7):
  'CLight2D' 선언을 참조하십시오.
  C:\Users\gil52\OneDrive\문서\GitHub\DirectX11Engine\Project\Engine\CLevelManager.cpp(96,29):
  다음 멤버가 원인입니다.
  C:\Users\gil52\OneDrive\문서\GitHub\DirectX11Engine\Project\Engine\CLevelManager.cpp(96,29):
  'CComponent *CComponent::Clone(void)': abstract입니다.
  C:\Users\gil52\OneDrive\문서\GitHub\DirectX11Engine\Project\Engine\CComponent.h(38,22):
  'CComponent::Clone' 선언을 참조하십시오.
  
C:\Users\gil52\OneDrive\문서\GitHub\DirectX11Engine\Project\Engine\CLevelManager.cpp(132,28): error C2259: 'CMeshRender': 추상 클래스를 인스턴스화할 수 없습니다.
  (소스 파일 '/CLevelManager.cpp'을(를) 컴파일하는 중)
  C:\Users\gil52\OneDrive\문서\GitHub\DirectX11Engine\Project\Engine\CMeshRender.h(3,7):
  'CMeshRender' 선언을 참조하십시오.
  C:\Users\gil52\OneDrive\문서\GitHub\DirectX11Engine\Project\Engine\CLevelManager.cpp(132,28):
  다음 멤버가 원인입니다.
  C:\Users\gil52\OneDrive\문서\GitHub\DirectX11Engine\Project\Engine\CLevelManager.cpp(132,28):
  'CComponent *CComponent::Clone(void)': abstract입니다.
  C:\Users\gil52\OneDrive\문서\GitHub\DirectX11Engine\Project\Engine\CComponent.h(38,22):
  'CComponent::Clone' 선언을 참조하십시오.
  
C:\Users\gil52\OneDrive\문서\GitHub\DirectX11Engine\Project\Engine\CLevelManager.cpp(132,24): error C2259: 'CMeshRender': 추상 클래스를 인스턴스화할 수 없습니다.
  (소스 파일 '/CLevelManager.cpp'을(를) 컴파일하는 중)
  C:\Users\gil52\OneDrive\문서\GitHub\DirectX11Engine\Project\Engine\CMeshRender.h(3,7):
  'CMeshRender' 선언을 참조하십시오.
  C:\Users\gil52\OneDrive\문서\GitHub\DirectX11Engine\Project\Engine\CLevelManager.cpp(132,24):
  다음 멤버가 원인입니다.
  C:\Users\gil52\OneDrive\문서\GitHub\DirectX11Engine\Project\Engine\CLevelManager.cpp(132,24):
  'CComponent *CComponent::Clone(void)': abstract입니다.
  C:\Users\gil52\OneDrive\문서\GitHub\DirectX11Engine\Project\Engine\CComponent.h(38,22):
  'CComponent::Clone' 선언을 참조하십시오.
  
C:\Users\gil52\OneDrive\문서\GitHub\DirectX11Engine\Project\Engine\CLevelManager.cpp(133,28): error C2259: 'CCollider2D': 추상 클래스를 인스턴스화할 수 없습니다.
  (소스 파일 '/CLevelManager.cpp'을(를) 컴파일하는 중)
  C:\Users\gil52\OneDrive\문서\GitHub\DirectX11Engine\Project\Engine\CCollisionManager.h(15,7):
  'CCollider2D' 선언을 참조하십시오.
  C:\Users\gil52\OneDrive\문서\GitHub\DirectX11Engine\Project\Engine\CLevelManager.cpp(133,28):
  다음 멤버가 원인입니다.
  C:\Users\gil52\OneDrive\문서\GitHub\DirectX11Engine\Project\Engine\CLevelManager.cpp(133,28):
  'CComponent *CComponent::Clone(void)': abstract입니다.
  C:\Users\gil52\OneDrive\문서\GitHub\DirectX11Engine\Project\Engine\CComponent.h(38,22):
  'CComponent::Clone' 선언을 참조하십시오.
  
C:\Users\gil52\OneDrive\문서\GitHub\DirectX11Engine\Project\Engine\CLevelManager.cpp(133,24): error C2259: 'CCollider2D': 추상 클래스를 인스턴스화할 수 없습니다.
  (소스 파일 '/CLevelManager.cpp'을(를) 컴파일하는 중)
  C:\Users\gil52\OneDrive\문서\GitHub\DirectX11Engine\Project\Engine\CCollisionManager.h(15,7):
  'CCollider2D' 선언을 참조하십시오.
  C:\Users\gil52\OneDrive\문서\GitHub\DirectX11Engine\Project\Engine\CLevelManager.cpp(133,24):
  다음 멤버가 원인입니다.
  C:\Users\gil52\OneDrive\문서\GitHub\DirectX11Engine\Project\Engine\CLevelManager.cpp(133,24):
  'CComponent *CComponent::Clone(void)': abstract입니다.
  C:\Users\gil52\OneDrive\문서\GitHub\DirectX11Engine\Project\Engine\CComponent.h(38,22):
  'CComponent::Clone' 선언을 참조하십시오.
  
C:\Users\gil52\OneDrive\문서\GitHub\DirectX11Engine\Project\Engine\CLevelManager.cpp(134,28): error C2259: 'CAnimator2D': 추상 클래스를 인스턴스화할 수 없습니다.
  (소스 파일 '/CLevelManager.cpp'을(를) 컴파일하는 중)
  C:\Users\gil52\OneDrive\문서\GitHub\DirectX11Engine\Project\Engine\CAnim2D.h(16,7):
  'CAnimator2D' 선언을 참조하십시오.
  C:\Users\gil52\OneDrive\문서\GitHub\DirectX11Engine\Project\Engine\CLevelManager.cpp(134,28):
  다음 멤버가 원인입니다.
  C:\Users\gil52\OneDrive\문서\GitHub\DirectX11Engine\Project\Engine\CLevelManager.cpp(134,28):
  'CComponent *CComponent::Clone(void)': abstract입니다.
  C:\Users\gil52\OneDrive\문서\GitHub\DirectX11Engine\Project\Engine\CComponent.h(38,22):
  'CComponent::Clone' 선언을 참조하십시오.
  
C:\Users\gil52\OneDrive\문서\GitHub\DirectX11Engine\Project\Engine\CLevelManager.cpp(134,24): error C2259: 'CAnimator2D': 추상 클래스를 인스턴스화할 수 없습니다.
  (소스 파일 '/CLevelManager.cpp'을(를) 컴파일하는 중)
  C:\Users\gil52\OneDrive\문서\GitHub\DirectX11Engine\Project\Engine\CAnim2D.h(16,7):
  'CAnimator2D' 선언을 참조하십시오.
  C:\Users\gil52\OneDrive\문서\GitHub\DirectX11Engine\Project\Engine\CLevelManager.cpp(134,24):
  다음 멤버가 원인입니다.
  C:\Users\gil52\OneDrive\문서\GitHub\DirectX11Engine\Project\Engine\CLevelManager.cpp(134,24):
  'CComponent *CComponent::Clone(void)': abstract입니다.
  C:\Users\gil52\OneDrive\문서\GitHub\DirectX11Engine\Project\Engine\CComponent.h(38,22):
  'CComponent::Clone' 선언을 참조하십시오.
  
C:\Users\gil52\OneDrive\문서\GitHub\DirectX11Engine\Project\Engine\CLevelManager.cpp(135,28): error C2259: 'CPlayerScript': 추상 클래스를 인스턴스화할 수 없습니다.
  (소스 파일 '/CLevelManager.cpp'을(를) 컴파일하는 중)
  C:\Users\gil52\OneDrive\문서\GitHub\DirectX11Engine\Project\Engine\CPlayerScript.h(6,7):
  'CPlayerScript' 선언을 참조하십시오.
  C:\Users\gil52\OneDrive\문서\GitHub\DirectX11Engine\Project\Engine\CLevelManager.cpp(135,28):
  다음 멤버가 원인입니다.
  C:\Users\gil52\OneDrive\문서\GitHub\DirectX11Engine\Project\Engine\CLevelManager.cpp(135,28):
  'CComponent *CComponent::Clone(void)': abstract입니다.
  C:\Users\gil52\OneDrive\문서\GitHub\DirectX11Engine\Project\Engine\CComponent.h(38,22):
  'CComponent::Clone' 선언을 참조하십시오.
  
C:\Users\gil52\OneDrive\문서\GitHub\DirectX11Engine\Project\Engine\CLevelManager.cpp(135,24): error C2259: 'CPlayerScript': 추상 클래스를 인스턴스화할 수 없습니다.
  (소스 파일 '/CLevelManager.cpp'을(를) 컴파일하는 중)
  C:\Users\gil52\OneDrive\문서\GitHub\DirectX11Engine\Project\Engine\CPlayerScript.h(6,7):
  'CPlayerScript' 선언을 참조하십시오.
  C:\Users\gil52\OneDrive\문서\GitHub\DirectX11Engine\Project\Engine\CLevelManager.cpp(135,24):
  다음 멤버가 원인입니다.
  C:\Users\gil52\OneDrive\문서\GitHub\DirectX11Engine\Project\Engine\CLevelManager.cpp(135,24):
  'CComponent *CComponent::Clone(void)': abstract입니다.
  C:\Users\gil52\OneDrive\문서\GitHub\DirectX11Engine\Project\Engine\CComponent.h(38,22):
  'CComponent::Clone' 선언을 참조하십시오.
  
C:\Users\gil52\OneDrive\문서\GitHub\DirectX11Engine\Project\Engine\CLevelManager.cpp(190,32): error C2259: 'CMeshRender': 추상 클래스를 인스턴스화할 수 없습니다.
  (소스 파일 '/CLevelManager.cpp'을(를) 컴파일하는 중)
  C:\Users\gil52\OneDrive\문서\GitHub\DirectX11Engine\Project\Engine\CMeshRender.h(3,7):
  'CMeshRender' 선언을 참조하십시오.
  C:\Users\gil52\OneDrive\문서\GitHub\DirectX11Engine\Project\Engine\CLevelManager.cpp(190,32):
  다음 멤버가 원인입니다.
  C:\Users\gil52\OneDrive\문서\GitHub\DirectX11Engine\Project\Engine\CLevelManager.cpp(190,32):
  'CComponent *CComponent::Clone(void)': abstract입니다.
  C:\Users\gil52\OneDrive\문서\GitHub\DirectX11Engine\Project\Engine\CComponent.h(38,22):
  'CComponent::Clone' 선언을 참조하십시오.
  
C:\Users\gil52\OneDrive\문서\GitHub\DirectX11Engine\Project\Engine\CLevelManager.cpp(191,32): error C2259: 'CBackGroundScript': 추상 클래스를 인스턴스화할 수 없습니다.
  (소스 파일 '/CLevelManager.cpp'을(를) 컴파일하는 중)
  C:\Users\gil52\OneDrive\문서\GitHub\DirectX11Engine\Project\Engine\CBackGroundScript.h(4,7):
  'CBackGroundScript' 선언을 참조하십시오.
  C:\Users\gil52\OneDrive\문서\GitHub\DirectX11Engine\Project\Engine\CLevelManager.cpp(191,32):
  다음 멤버가 원인입니다.
  C:\Users\gil52\OneDrive\문서\GitHub\DirectX11Engine\Project\Engine\CLevelManager.cpp(191,32):
  'CComponent *CComponent::Clone(void)': abstract입니다.
  C:\Users\gil52\OneDrive\문서\GitHub\DirectX11Engine\Project\Engine\CComponent.h(38,22):
  'CComponent::Clone' 선언을 참조하십시오.
  
C:\Users\gil52\OneDrive\문서\GitHub\DirectX11Engine\Project\Engine\CLevelManager.cpp(191,28): error C2259: 'CBackGroundScript': 추상 클래스를 인스턴스화할 수 없습니다.
  (소스 파일 '/CLevelManager.cpp'을(를) 컴파일하는 중)
  C:\Users\gil52\OneDrive\문서\GitHub\DirectX11Engine\Project\Engine\CBackGroundScript.h(4,7):
  'CBackGroundScript' 선언을 참조하십시오.
  C:\Users\gil52\OneDrive\문서\GitHub\DirectX11Engine\Project\Engine\CLevelManager.cpp(191,28):
  다음 멤버가 원인입니다.
  C:\Users\gil52\OneDrive\문서\GitHub\DirectX11Engine\Project\Engine\CLevelManager.cpp(191,28):
  'CComponent *CComponent::Clone(void)': abstract입니다.
  C:\Users\gil52\OneDrive\문서\GitHub\DirectX11Engine\Project\Engine\CComponent.h(38,22):
  'CComponent::Clone' 선언을 참조하십시오.
  
C:\Users\gil52\OneDrive\문서\GitHub\DirectX11Engine\Project\Engine\CLevelManager.cpp(208,36): error C2259: 'CParticleSystem': 추상 클래스를 인스턴스화할 수 없습니다.
  (소스 파일 '/CLevelManager.cpp'을(를) 컴파일하는 중)
  C:\Users\gil52\OneDrive\문서\GitHub\DirectX11Engine\Project\Engine\CParticleSystem.h(7,7):
  'CParticleSystem' 선언을 참조하십시오.
  C:\Users\gil52\OneDrive\문서\GitHub\DirectX11Engine\Project\Engine\CLevelManager.cpp(208,36):
  다음 멤버가 원인입니다.
  C:\Users\gil52\OneDrive\문서\GitHub\DirectX11Engine\Project\Engine\CLevelManager.cpp(208,36):
  'CComponent *CComponent::Clone(void)': abstract입니다.
  C:\Users\gil52\OneDrive\문서\GitHub\DirectX11Engine\Project\Engine\CComponent.h(38,22):
  'CComponent::Clone' 선언을 참조하십시오.
  
C:\Users\gil52\OneDrive\문서\GitHub\DirectX11Engine\Project\Engine\CLevelManager.cpp(208,32): error C2259: 'CParticleSystem': 추상 클래스를 인스턴스화할 수 없습니다.
  (소스 파일 '/CLevelManager.cpp'을(를) 컴파일하는 중)
  C:\Users\gil52\OneDrive\문서\GitHub\DirectX11Engine\Project\Engine\CParticleSystem.h(7,7):
  'CParticleSystem' 선언을 참조하십시오.
  C:\Users\gil52\OneDrive\문서\GitHub\DirectX11Engine\Project\Engine\CLevelManager.cpp(208,32):
  다음 멤버가 원인입니다.
  C:\Users\gil52\OneDrive\문서\GitHub\DirectX11Engine\Project\Engine\CLevelManager.cpp(208,32):
  'CComponent *CComponent::Clone(void)': abstract입니다.
  C:\Users\gil52\OneDrive\문서\GitHub\DirectX11Engine\Project\Engine\CComponent.h(38,22):
  'CComponent::Clone' 선언을 참조하십시오.
  
C:\Users\gil52\OneDrive\문서\GitHub\DirectX11Engine\Project\Engine\CLevelManager.cpp(221,34): error C2259: 'CMeshRender': 추상 클래스를 인스턴스화할 수 없습니다.
  (소스 파일 '/CLevelManager.cpp'을(를) 컴파일하는 중)
  C:\Users\gil52\OneDrive\문서\GitHub\DirectX11Engine\Project\Engine\CMeshRender.h(3,7):
  'CMeshRender' 선언을 참조하십시오.
  C:\Users\gil52\OneDrive\문서\GitHub\DirectX11Engine\Project\Engine\CLevelManager.cpp(221,34):
  다음 멤버가 원인입니다.
  C:\Users\gil52\OneDrive\문서\GitHub\DirectX11Engine\Project\Engine\CLevelManager.cpp(221,34):
  'CComponent *CComponent::Clone(void)': abstract입니다.
  C:\Users\gil52\OneDrive\문서\GitHub\DirectX11Engine\Project\Engine\CComponent.h(38,22):
  'CComponent::Clone' 선언을 참조하십시오.
  
  CLight2D.cpp
  CMesh.cpp
  CMeshRender.cpp
  CMissileScript.cpp
  CParticleSystem.cpp
C:\Users\gil52\OneDrive\문서\GitHub\DirectX11Engine\Project\Engine\CParticleSystem.cpp(29,25): error C2259: 'CStructuredBuffer': 추상 클래스를 인스턴스화할 수 없습니다.
  (소스 파일 '/CParticleSystem.cpp'을(를) 컴파일하는 중)
  C:\Users\gil52\OneDrive\문서\GitHub\DirectX11Engine\Project\Engine\CStructuredBuffer.h(21,7):
  'CStructuredBuffer' 선언을 참조하십시오.
  C:\Users\gil52\OneDrive\문서\GitHub\DirectX11Engine\Project\Engine\CParticleSystem.cpp(29,25):
  다음 멤버가 원인입니다.
  C:\Users\gil52\OneDrive\문서\GitHub\DirectX11Engine\Project\Engine\CParticleSystem.cpp(29,25):
  'CEntity *CEntity::Clone(void)': abstract입니다.
  C:\Users\gil52\OneDrive\문서\GitHub\DirectX11Engine\Project\Engine\CEntity.h(21,19):
  'CEntity::Clone' 선언을 참조하십시오.
  
C:\Users\gil52\OneDrive\문서\GitHub\DirectX11Engine\Project\Engine\CParticleSystem.cpp(29,21): error C2259: 'CStructuredBuffer': 추상 클래스를 인스턴스화할 수 없습니다.
  (소스 파일 '/CParticleSystem.cpp'을(를) 컴파일하는 중)
  C:\Users\gil52\OneDrive\문서\GitHub\DirectX11Engine\Project\Engine\CStructuredBuffer.h(21,7):
  'CStructuredBuffer' 선언을 참조하십시오.
  C:\Users\gil52\OneDrive\문서\GitHub\DirectX11Engine\Project\Engine\CParticleSystem.cpp(29,21):
  다음 멤버가 원인입니다.
  C:\Users\gil52\OneDrive\문서\GitHub\DirectX11Engine\Project\Engine\CParticleSystem.cpp(29,21):
  'CEntity *CEntity::Clone(void)': abstract입니다.
  C:\Users\gil52\OneDrive\문서\GitHub\DirectX11Engine\Project\Engine\CEntity.h(21,19):
  'CEntity::Clone' 선언을 참조하십시오.
  
C:\Users\gil52\OneDrive\문서\GitHub\DirectX11Engine\Project\Engine\CParticleSystem.cpp(32,27): error C2259: 'CStructuredBuffer': 추상 클래스를 인스턴스화할 수 없습니다.
  (소스 파일 '/CParticleSystem.cpp'을(를) 컴파일하는 중)
  C:\Users\gil52\OneDrive\문서\GitHub\DirectX11Engine\Project\Engine\CStructuredBuffer.h(21,7):
  'CStructuredBuffer' 선언을 참조하십시오.
  C:\Users\gil52\OneDrive\문서\GitHub\DirectX11Engine\Project\Engine\CParticleSystem.cpp(32,27):
  다음 멤버가 원인입니다.
  C:\Users\gil52\OneDrive\문서\GitHub\DirectX11Engine\Project\Engine\CParticleSystem.cpp(32,27):
  'CEntity *CEntity::Clone(void)': abstract입니다.
  C:\Users\gil52\OneDrive\문서\GitHub\DirectX11Engine\Project\Engine\CEntity.h(21,19):
  'CEntity::Clone' 선언을 참조하십시오.
  
C:\Users\gil52\OneDrive\문서\GitHub\DirectX11Engine\Project\Engine\CParticleSystem.cpp(98,23): error C2259: 'CStructuredBuffer': 추상 클래스를 인스턴스화할 수 없습니다.
  (소스 파일 '/CParticleSystem.cpp'을(를) 컴파일하는 중)
  C:\Users\gil52\OneDrive\문서\GitHub\DirectX11Engine\Project\Engine\CStructuredBuffer.h(21,7):
  'CStructuredBuffer' 선언을 참조하십시오.
  C:\Users\gil52\OneDrive\문서\GitHub\DirectX11Engine\Project\Engine\CParticleSystem.cpp(98,23):
  다음 멤버가 원인입니다.
  C:\Users\gil52\OneDrive\문서\GitHub\DirectX11Engine\Project\Engine\CParticleSystem.cpp(98,23):
  'CEntity *CEntity::Clone(void)': abstract입니다.
  C:\Users\gil52\OneDrive\문서\GitHub\DirectX11Engine\Project\Engine\CEntity.h(21,19):
  'CEntity::Clone' 선언을 참조하십시오.
  
  CParticleTickCS.cpp
C:\Users\gil52\OneDrive\문서\GitHub\DirectX11Engine\Project\Engine\CAssetManager.h(100,18): error C2259: 'CTexture': 추상 클래스를 인스턴스화할 수 없습니다.
  (소스 파일 '/CParticleTickCS.cpp'을(를) 컴파일하는 중)
  C:\Users\gil52\OneDrive\문서\GitHub\DirectX11Engine\Project\Engine\CTexture.h(4,7):
  'CTexture' 선언을 참조하십시오.
  C:\Users\gil52\OneDrive\문서\GitHub\DirectX11Engine\Project\Engine\CAssetManager.h(100,18):
  다음 멤버가 원인입니다.
  C:\Users\gil52\OneDrive\문서\GitHub\DirectX11Engine\Project\Engine\CAssetManager.h(100,18):
  'CEntity *CEntity::Clone(void)': abstract입니다.
  C:\Users\gil52\OneDrive\문서\GitHub\DirectX11Engine\Project\Engine\CEntity.h(21,19):
  'CEntity::Clone' 선언을 참조하십시오.
  C:\Users\gil52\OneDrive\문서\GitHub\DirectX11Engine\Project\Engine\CAssetManager.h(100,18):
  the template instantiation context (the oldest one first) is
  	C:\Users\gil52\OneDrive\문서\GitHub\DirectX11Engine\Project\Engine\CParticleTickCS.cpp(13,42):
  	컴파일되는 함수 템플릿 인스턴스화 'Ptr<CTexture> CAssetManager::Load<CTexture>(const std::wstring &,const std::wstring &)'에 대한 참조를 확인하세요.
  
C:\Users\gil52\OneDrive\문서\GitHub\DirectX11Engine\Project\Engine\CAssetManager.h(100,14): error C2259: 'CTexture': 추상 클래스를 인스턴스화할 수 없습니다.
  (소스 파일 '/CParticleTickCS.cpp'을(를) 컴파일하는 중)
  C:\Users\gil52\OneDrive\문서\GitHub\DirectX11Engine\Project\Engine\CTexture.h(4,7):
  'CTexture' 선언을 참조하십시오.
  C:\Users\gil52\OneDrive\문서\GitHub\DirectX11Engine\Project\Engine\CAssetManager.h(100,14):
  다음 멤버가 원인입니다.
  C:\Users\gil52\OneDrive\문서\GitHub\DirectX11Engine\Project\Engine\CAssetManager.h(100,14):
  'CEntity *CEntity::Clone(void)': abstract입니다.
  C:\Users\gil52\OneDrive\문서\GitHub\DirectX11Engine\Project\Engine\CEntity.h(21,19):
  'CEntity::Clone' 선언을 참조하십시오.
  
  CPathManager.cpp
  CPlayerScript.cpp
C:\Users\gil52\OneDrive\문서\GitHub\DirectX11Engine\Project\Engine\CPlayerScript.cpp(94,29): error C2259: 'CMeshRender': 추상 클래스를 인스턴스화할 수 없습니다.
  (소스 파일 '/CPlayerScript.cpp'을(를) 컴파일하는 중)
  C:\Users\gil52\OneDrive\문서\GitHub\DirectX11Engine\Project\Engine\CMeshRender.h(3,7):
  'CMeshRender' 선언을 참조하십시오.
  C:\Users\gil52\OneDrive\문서\GitHub\DirectX11Engine\Project\Engine\CPlayerScript.cpp(94,29):
  다음 멤버가 원인입니다.
  C:\Users\gil52\OneDrive\문서\GitHub\DirectX11Engine\Project\Engine\CPlayerScript.cpp(94,29):
  'CComponent *CComponent::Clone(void)': abstract입니다.
  C:\Users\gil52\OneDrive\문서\GitHub\DirectX11Engine\Project\Engine\CComponent.h(38,22):
  'CComponent::Clone' 선언을 참조하십시오.
  
C:\Users\gil52\OneDrive\문서\GitHub\DirectX11Engine\Project\Engine\CPlayerScript.cpp(94,25): error C2259: 'CMeshRender': 추상 클래스를 인스턴스화할 수 없습니다.
  (소스 파일 '/CPlayerScript.cpp'을(를) 컴파일하는 중)
  C:\Users\gil52\OneDrive\문서\GitHub\DirectX11Engine\Project\Engine\CMeshRender.h(3,7):
  'CMeshRender' 선언을 참조하십시오.
  C:\Users\gil52\OneDrive\문서\GitHub\DirectX11Engine\Project\Engine\CPlayerScript.cpp(94,25):
  다음 멤버가 원인입니다.
  C:\Users\gil52\OneDrive\문서\GitHub\DirectX11Engine\Project\Engine\CPlayerScript.cpp(94,25):
  'CComponent *CComponent::Clone(void)': abstract입니다.
  C:\Users\gil52\OneDrive\문서\GitHub\DirectX11Engine\Project\Engine\CComponent.h(38,22):
  'CComponent::Clone' 선언을 참조하십시오.
  
C:\Users\gil52\OneDrive\문서\GitHub\DirectX11Engine\Project\Engine\CPlayerScript.cpp(95,29): error C2259: 'CMissileScript': 추상 클래스를 인스턴스화할 수 없습니다.
  (소스 파일 '/CPlayerScript.cpp'을(를) 컴파일하는 중)
  C:\Users\gil52\OneDrive\문서\GitHub\DirectX11Engine\Project\Engine\CMissileScript.h(4,7):
  'CMissileScript' 선언을 참조하십시오.
  C:\Users\gil52\OneDrive\문서\GitHub\DirectX11Engine\Project\Engine\CPlayerScript.cpp(95,29):
  다음 멤버가 원인입니다.
  C:\Users\gil52\OneDrive\문서\GitHub\DirectX11Engine\Project\Engine\CPlayerScript.cpp(95,29):
  'CComponent *CComponent::Clone(void)': abstract입니다.
  C:\Users\gil52\OneDrive\문서\GitHub\DirectX11Engine\Project\Engine\CComponent.h(38,22):
  'CComponent::Clone' 선언을 참조하십시오.
  
C:\Users\gil52\OneDrive\문서\GitHub\DirectX11Engine\Project\Engine\CPlayerScript.cpp(95,25): error C2259: 'CMissileScript': 추상 클래스를 인스턴스화할 수 없습니다.
  (소스 파일 '/CPlayerScript.cpp'을(를) 컴파일하는 중)
  C:\Users\gil52\OneDrive\문서\GitHub\DirectX11Engine\Project\Engine\CMissileScript.h(4,7):
  'CMissileScript' 선언을 참조하십시오.
  C:\Users\gil52\OneDrive\문서\GitHub\DirectX11Engine\Project\Engine\CPlayerScript.cpp(95,25):
  다음 멤버가 원인입니다.
  C:\Users\gil52\OneDrive\문서\GitHub\DirectX11Engine\Project\Engine\CPlayerScript.cpp(95,25):
  'CComponent *CComponent::Clone(void)': abstract입니다.
  C:\Users\gil52\OneDrive\문서\GitHub\DirectX11Engine\Project\Engine\CComponent.h(38,22):
  'CComponent::Clone' 선언을 참조하십시오.
  
  CPrefab.cpp
  CRenderComponent.cpp
  CRenderManager.cpp
C:\Users\gil52\OneDrive\문서\GitHub\DirectX11Engine\Project\Engine\CRenderManager.cpp(16,24): error C2259: 'CStructuredBuffer': 추상 클래스를 인스턴스화할 수 없습니다.
  (소스 파일 '/CRenderManager.cpp'을(를) 컴파일하는 중)
  C:\Users\gil52\OneDrive\문서\GitHub\DirectX11Engine\Project\Engine\CStructuredBuffer.h(21,7):
  'CStructuredBuffer' 선언을 참조하십시오.
  C:\Users\gil52\OneDrive\문서\GitHub\DirectX11Engine\Project\Engine\CRenderManager.cpp(16,24):
  다음 멤버가 원인입니다.
  C:\Users\gil52\OneDrive\문서\GitHub\DirectX11Engine\Project\Engine\CRenderManager.cpp(16,24):
  'CEntity *CEntity::Clone(void)': abstract입니다.
  C:\Users\gil52\OneDrive\문서\GitHub\DirectX11Engine\Project\Engine\CEntity.h(21,19):
  'CEntity::Clone' 선언을 참조하십시오.
  
C:\Users\gil52\OneDrive\문서\GitHub\DirectX11Engine\Project\Engine\CRenderManager.cpp(16,20): error C2259: 'CStructuredBuffer': 추상 클래스를 인스턴스화할 수 없습니다.
  (소스 파일 '/CRenderManager.cpp'을(를) 컴파일하는 중)
  C:\Users\gil52\OneDrive\문서\GitHub\DirectX11Engine\Project\Engine\CStructuredBuffer.h(21,7):
  'CStructuredBuffer' 선언을 참조하십시오.
  C:\Users\gil52\OneDrive\문서\GitHub\DirectX11Engine\Project\Engine\CRenderManager.cpp(16,20):
  다음 멤버가 원인입니다.
  C:\Users\gil52\OneDrive\문서\GitHub\DirectX11Engine\Project\Engine\CRenderManager.cpp(16,20):
  'CEntity *CEntity::Clone(void)': abstract입니다.
  C:\Users\gil52\OneDrive\문서\GitHub\DirectX11Engine\Project\Engine\CEntity.h(21,19):
  'CEntity::Clone' 선언을 참조하십시오.
  
C:\Users\gil52\OneDrive\문서\GitHub\DirectX11Engine\Project\Engine\CRenderManager.cpp(91,65): warning C4267: '인수': 'size_t'에서 'UINT'(으)로 변환하면서 데이터가 손실될 수 있습니다.
  (소스 파일 '/CRenderManager.cpp'을(를) 컴파일하는 중)
  
  CScript.cpp
  CSetColorCS.cpp
  CShader.cpp
  CMaterial.cpp
C:\Users\gil52\OneDrive\문서\GitHub\DirectX11Engine\Project\Engine\CMaterial.cpp(29,36): error C2259: 'CMaterial': 추상 클래스를 인스턴스화할 수 없습니다.
  (소스 파일 '/CMaterial.cpp'을(를) 컴파일하는 중)
  C:\Users\gil52\OneDrive\문서\GitHub\DirectX11Engine\Project\Engine\CMaterial.h(6,7):
  'CMaterial' 선언을 참조하십시오.
  C:\Users\gil52\OneDrive\문서\GitHub\DirectX11Engine\Project\Engine\CMaterial.cpp(29,36):
  다음 멤버가 원인입니다.
  C:\Users\gil52\OneDrive\문서\GitHub\DirectX11Engine\Project\Engine\CMaterial.cpp(29,36):
  'CEntity *CEntity::Clone(void)': abstract입니다.
  C:\Users\gil52\OneDrive\문서\GitHub\DirectX11Engine\Project\Engine\CEntity.h(21,19):
  'CEntity::Clone' 선언을 참조하십시오.
  
C:\Users\gil52\OneDrive\문서\GitHub\DirectX11Engine\Project\Engine\CMaterial.cpp(29,45): error C2259: 'CMaterial': 추상 클래스를 인스턴스화할 수 없습니다.
  (소스 파일 '/CMaterial.cpp'을(를) 컴파일하는 중)
  C:\Users\gil52\OneDrive\문서\GitHub\DirectX11Engine\Project\Engine\CMaterial.h(6,7):
  'CMaterial' 선언을 참조하십시오.
  C:\Users\gil52\OneDrive\문서\GitHub\DirectX11Engine\Project\Engine\CMaterial.cpp(29,45):
  다음 멤버가 원인입니다.
  C:\Users\gil52\OneDrive\문서\GitHub\DirectX11Engine\Project\Engine\CMaterial.cpp(29,45):
  'CEntity *CEntity::Clone(void)': abstract입니다.
  C:\Users\gil52\OneDrive\문서\GitHub\DirectX11Engine\Project\Engine\CEntity.h(21,19):
  'CEntity::Clone' 선언을 참조하십시오.
  
  CStructuredBuffer.cpp
  CTaskManager.cpp
  코드를 생성하고 있습니다...
  컴파일하고 있습니다...
  CTexture.cpp
  CTileMap.cpp
C:\Users\gil52\OneDrive\문서\GitHub\DirectX11Engine\Project\Engine\CTileMap.cpp(18,21): error C2259: 'CStructuredBuffer': 추상 클래스를 인스턴스화할 수 없습니다.
  (소스 파일 '/CTileMap.cpp'을(를) 컴파일하는 중)
  C:\Users\gil52\OneDrive\문서\GitHub\DirectX11Engine\Project\Engine\CStructuredBuffer.h(21,7):
  'CStructuredBuffer' 선언을 참조하십시오.
  C:\Users\gil52\OneDrive\문서\GitHub\DirectX11Engine\Project\Engine\CTileMap.cpp(18,21):
  다음 멤버가 원인입니다.
  C:\Users\gil52\OneDrive\문서\GitHub\DirectX11Engine\Project\Engine\CTileMap.cpp(18,21):
  'CEntity *CEntity::Clone(void)': abstract입니다.
  C:\Users\gil52\OneDrive\문서\GitHub\DirectX11Engine\Project\Engine\CEntity.h(21,19):
  'CEntity::Clone' 선언을 참조하십시오.
  
C:\Users\gil52\OneDrive\문서\GitHub\DirectX11Engine\Project\Engine\CTileMap.cpp(18,17): error C2259: 'CStructuredBuffer': 추상 클래스를 인스턴스화할 수 없습니다.
  (소스 파일 '/CTileMap.cpp'을(를) 컴파일하는 중)
  C:\Users\gil52\OneDrive\문서\GitHub\DirectX11Engine\Project\Engine\CStructuredBuffer.h(21,7):
  'CStructuredBuffer' 선언을 참조하십시오.
  C:\Users\gil52\OneDrive\문서\GitHub\DirectX11Engine\Project\Engine\CTileMap.cpp(18,17):
  다음 멤버가 원인입니다.
  C:\Users\gil52\OneDrive\문서\GitHub\DirectX11Engine\Project\Engine\CTileMap.cpp(18,17):
  'CEntity *CEntity::Clone(void)': abstract입니다.
  C:\Users\gil52\OneDrive\문서\GitHub\DirectX11Engine\Project\Engine\CEntity.h(21,19):
  'CEntity::Clone' 선언을 참조하십시오.
  
C:\Users\gil52\OneDrive\문서\GitHub\DirectX11Engine\Project\Engine\CTileMap.cpp(53,61): warning C4267: '인수': 'size_t'에서 'UINT'(으)로 변환하면서 데이터가 손실될 수 있습니다.
  (소스 파일 '/CTileMap.cpp'을(를) 컴파일하는 중)
  
C:\Users\gil52\OneDrive\문서\GitHub\DirectX11Engine\Project\Engine\CTileMap.cpp(55,65): warning C4267: '인수': 'size_t'에서 'UINT'(으)로 변환하면서 데이터가 손실될 수 있습니다.
  (소스 파일 '/CTileMap.cpp'을(를) 컴파일하는 중)
  
C:\Users\gil52\OneDrive\문서\GitHub\DirectX11Engine\Project\Engine\CTileMap.cpp(102,38): warning C4244: '=': 'float'에서 'UINT'(으)로 변환하면서 데이터가 손실될 수 있습니다.
  (소스 파일 '/CTileMap.cpp'을(를) 컴파일하는 중)
  
C:\Users\gil52\OneDrive\문서\GitHub\DirectX11Engine\Project\Engine\CTileMap.cpp(103,39): warning C4244: '=': 'float'에서 'UINT'(으)로 변환하면서 데이터가 손실될 수 있습니다.
  (소스 파일 '/CTileMap.cpp'을(를) 컴파일하는 중)
  
  CTimeManager.cpp
  CTransform.cpp
  Engine.cpp
  extern.cpp
  func.cpp
  Temp.cpp
  코드를 생성하고 있습니다...
