c:\users\gil52\onedrive\문서\github\directx11engine\external\library\engine\engine_d.pdb
c:\users\gil52\onedrive\문서\github\directx11engine\external\library\engine\engine_d.idb
c:\users\gil52\onedrive\문서\github\directx11engine\project\engine\x64\debug\engine.obj
c:\users\gil52\onedrive\문서\github\directx11engine\project\engine\x64\debug\cengine.obj
c:\users\gil52\onedrive\문서\github\directx11engine\project\engine\x64\debug\cdevice.obj
c:\users\gil52\onedrive\문서\github\directx11engine\project\engine\x64\debug\temp.obj
c:\users\gil52\onedrive\문서\github\directx11engine\project\engine\x64\debug\engine_d.pch
c:\users\gil52\onedrive\문서\github\directx11engine\project\engine\x64\debug\pch.obj
c:\users\gil52\onedrive\문서\github\directx11engine\external\library\engine\std2d.cso
c:\users\gil52\onedrive\문서\github\directx11engine\external\library\engine\engine_d.lib
c:\users\gil52\onedrive\문서\github\directx11engine\project\engine\x64\debug\engine.tlog\cl.command.1.tlog
c:\users\gil52\onedrive\문서\github\directx11engine\project\engine\x64\debug\engine.tlog\cl.items.tlog
c:\users\gil52\onedrive\문서\github\directx11engine\project\engine\x64\debug\engine.tlog\cl.read.1.tlog
c:\users\gil52\onedrive\문서\github\directx11engine\project\engine\x64\debug\engine.tlog\cl.write.1.tlog
c:\users\gil52\onedrive\문서\github\directx11engine\project\engine\x64\debug\engine.tlog\fxc.command.1.tlog
c:\users\gil52\onedrive\문서\github\directx11engine\project\engine\x64\debug\engine.tlog\fxc.read.1.tlog
c:\users\gil52\onedrive\문서\github\directx11engine\project\engine\x64\debug\engine.tlog\fxc.write.1.tlog
c:\users\gil52\onedrive\문서\github\directx11engine\project\engine\x64\debug\engine.tlog\lib-link.read.1.tlog
c:\users\gil52\onedrive\문서\github\directx11engine\project\engine\x64\debug\engine.tlog\lib-link.write.1.tlog
c:\users\gil52\onedrive\문서\github\directx11engine\project\engine\x64\debug\engine.tlog\lib.command.1.tlog
